<?xml version="1.0" encoding="utf-8"?>
<CoverageSession xmlns:xsd="http://www.w3.org/2001/XMLSchema" xmlns:xsi="http://www.w3.org/2001/XMLSchema-instance" Version="4.6.0.0">
  <Summary numSequencePoints="820" visitedSequencePoints="311" numBranchPoints="254" visitedBranchPoints="84" sequenceCoverage="37.93" branchCoverage="33.07" maxCyclomaticComplexity="9" minCyclomaticComplexity="1" maxCrapScore="90" minCrapScore="1" visitedClasses="12" numClasses="32" visitedMethods="47" numMethods="118" />
  <Modules>
    <Module hash="80-28-F7-0F-40-B8-72-DC-84-23-56-C3-F9-3B-B8-B9-17-3A-29-F8">
      <Summary numSequencePoints="25" visitedSequencePoints="8" numBranchPoints="3" visitedBranchPoints="1" sequenceCoverage="32" branchCoverage="33.33" maxCyclomaticComplexity="1" minCyclomaticComplexity="1" maxCrapScore="2" minCrapScore="1" visitedClasses="1" numClasses="2" visitedMethods="1" numMethods="3" />
      <ModulePath>E:\Work\The Maze\Maze V.012\MazeVTests1\bin\Debug\MazeVTests1.dll</ModulePath>
      <ModuleTime>2018-08-03T20:34:52.2737962Z</ModuleTime>
      <ModuleName>MazeVTests1</ModuleName>
      <Files>
        <File uid="1" fullPath="E:\Work\The Maze\Maze V.012\MazeVTests1\Maze Logic\BaseUnitTests.cs" />
        <File uid="2" fullPath="E:\Work\The Maze\Maze V.012\MazeVTests1\Maze Logic\MazeTests.cs" />
      </Files>
      <Classes>
        <Class>
          <Summary numSequencePoints="7" visitedSequencePoints="0" numBranchPoints="1" visitedBranchPoints="0" sequenceCoverage="0" branchCoverage="0" maxCyclomaticComplexity="1" minCyclomaticComplexity="1" maxCrapScore="2" minCrapScore="2" visitedClasses="0" numClasses="1" visitedMethods="0" numMethods="1" />
          <FullName>MazeV.Maze_Logic.Tests.BaseUnitTests</FullName>
          <Methods>
            <Method visited="false" cyclomaticComplexity="1" nPathComplexity="0" sequenceCoverage="0" branchCoverage="0" crapScore="2" isConstructor="false" isStatic="false" isGetter="false" isSetter="false">
              <Summary numSequencePoints="7" visitedSequencePoints="0" numBranchPoints="1" visitedBranchPoints="0" sequenceCoverage="0" branchCoverage="0" maxCyclomaticComplexity="1" minCyclomaticComplexity="1" maxCrapScore="2" minCrapScore="2" visitedClasses="0" numClasses="0" visitedMethods="0" numMethods="1" />
              <MetadataToken>100663297</MetadataToken>
              <Name>System.Void MazeV.Maze_Logic.Tests.BaseUnitTests::AssignLocationTest()</Name>
              <FileRef uid="1" />
              <SequencePoints>
                <SequencePoint vc="0" uspid="1" ordinal="0" offset="0" sl="16" sc="9" el="16" ec="10" bec="0" bev="0" fileid="1" />
                <SequencePoint vc="0" uspid="2" ordinal="1" offset="1" sl="17" sc="13" el="17" ec="48" bec="0" bev="0" fileid="1" />
                <SequencePoint vc="0" uspid="3" ordinal="2" offset="7" sl="18" sc="13" el="18" ec="58" bec="0" bev="0" fileid="1" />
                <SequencePoint vc="0" uspid="4" ordinal="3" offset="40" sl="20" sc="13" el="20" ec="83" bec="0" bev="0" fileid="1" />
                <SequencePoint vc="0" uspid="5" ordinal="4" offset="89" sl="22" sc="13" el="22" ec="50" bec="0" bev="0" fileid="1" />
                <SequencePoint vc="0" uspid="6" ordinal="5" offset="97" sl="23" sc="13" el="23" ec="73" bec="0" bev="0" fileid="1" />
                <SequencePoint vc="0" uspid="7" ordinal="6" offset="115" sl="24" sc="9" el="24" ec="10" bec="0" bev="0" fileid="1" />
              </SequencePoints>
              <BranchPoints />
              <MethodPoint xsi:type="SequencePoint" vc="0" uspid="1" ordinal="0" offset="0" sl="16" sc="9" el="16" ec="10" bec="0" bev="0" fileid="1" />
            </Method>
            <Method visited="false" cyclomaticComplexity="1" nPathComplexity="0" sequenceCoverage="0" branchCoverage="0" crapScore="2" isConstructor="true" isStatic="false" isGetter="false" isSetter="false">
              <Summary numSequencePoints="0" visitedSequencePoints="0" numBranchPoints="0" visitedBranchPoints="0" sequenceCoverage="0" branchCoverage="0" maxCyclomaticComplexity="1" minCyclomaticComplexity="1" maxCrapScore="2" minCrapScore="2" visitedClasses="0" numClasses="0" visitedMethods="0" numMethods="0" />
              <MetadataToken>100663298</MetadataToken>
              <Name>System.Void MazeV.Maze_Logic.Tests.BaseUnitTests::.ctor()</Name>
              <SequencePoints />
              <BranchPoints />
              <MethodPoint vc="0" uspid="8" ordinal="0" offset="0" />
            </Method>
          </Methods>
        </Class>
        <Class>
          <Summary numSequencePoints="18" visitedSequencePoints="8" numBranchPoints="2" visitedBranchPoints="1" sequenceCoverage="44.44" branchCoverage="50" maxCyclomaticComplexity="1" minCyclomaticComplexity="1" maxCrapScore="2" minCrapScore="1" visitedClasses="1" numClasses="1" visitedMethods="1" numMethods="2" />
          <FullName>MazeV.Maze_Logic.Tests.MazeTests</FullName>
          <Methods>
            <Method visited="false" cyclomaticComplexity="1" nPathComplexity="0" sequenceCoverage="0" branchCoverage="0" crapScore="2" isConstructor="false" isStatic="false" isGetter="false" isSetter="false">
              <Summary numSequencePoints="10" visitedSequencePoints="0" numBranchPoints="1" visitedBranchPoints="0" sequenceCoverage="0" branchCoverage="0" maxCyclomaticComplexity="1" minCyclomaticComplexity="1" maxCrapScore="2" minCrapScore="2" visitedClasses="0" numClasses="0" visitedMethods="0" numMethods="1" />
              <MetadataToken>100663299</MetadataToken>
              <Name>System.Void MazeV.Maze_Logic.Tests.MazeTests::InitializeTest()</Name>
              <FileRef uid="2" />
              <SequencePoints>
                <SequencePoint vc="0" uspid="9" ordinal="0" offset="0" sl="16" sc="9" el="16" ec="10" bec="0" bev="0" fileid="2" />
                <SequencePoint vc="0" uspid="10" ordinal="1" offset="1" sl="17" sc="13" el="17" ec="36" bec="0" bev="0" fileid="2" />
                <SequencePoint vc="0" uspid="11" ordinal="2" offset="7" sl="18" sc="13" el="18" ec="35" bec="0" bev="0" fileid="2" />
                <SequencePoint vc="0" uspid="12" ordinal="3" offset="16" sl="20" sc="13" el="20" ec="62" bec="0" bev="0" fileid="2" />
                <SequencePoint vc="0" uspid="13" ordinal="4" offset="28" sl="21" sc="13" el="21" ec="57" bec="0" bev="0" fileid="2" />
                <SequencePoint vc="0" uspid="14" ordinal="5" offset="40" sl="22" sc="13" el="22" ec="53" bec="0" bev="0" fileid="2" />
                <SequencePoint vc="0" uspid="15" ordinal="6" offset="52" sl="24" sc="13" el="24" ec="127" bec="0" bev="0" fileid="2" />
                <SequencePoint vc="0" uspid="16" ordinal="7" offset="76" sl="25" sc="13" el="25" ec="129" bec="0" bev="0" fileid="2" />
                <SequencePoint vc="0" uspid="17" ordinal="8" offset="101" sl="26" sc="13" el="26" ec="139" bec="0" bev="0" fileid="2" />
                <SequencePoint vc="0" uspid="18" ordinal="9" offset="126" sl="27" sc="9" el="27" ec="10" bec="0" bev="0" fileid="2" />
              </SequencePoints>
              <BranchPoints />
              <MethodPoint xsi:type="SequencePoint" vc="0" uspid="9" ordinal="0" offset="0" sl="16" sc="9" el="16" ec="10" bec="0" bev="0" fileid="2" />
            </Method>
            <Method visited="true" cyclomaticComplexity="1" nPathComplexity="0" sequenceCoverage="100" branchCoverage="100" crapScore="1" isConstructor="false" isStatic="false" isGetter="false" isSetter="false">
              <Summary numSequencePoints="8" visitedSequencePoints="8" numBranchPoints="1" visitedBranchPoints="1" sequenceCoverage="100" branchCoverage="100" maxCyclomaticComplexity="1" minCyclomaticComplexity="1" maxCrapScore="1" minCrapScore="1" visitedClasses="0" numClasses="0" visitedMethods="1" numMethods="1" />
              <MetadataToken>100663300</MetadataToken>
              <Name>System.Void MazeV.Maze_Logic.Tests.MazeTests::GenerateLayoutDataTest()</Name>
              <FileRef uid="2" />
              <SequencePoints>
                <SequencePoint vc="1" uspid="19" ordinal="0" offset="0" sl="31" sc="9" el="31" ec="10" bec="0" bev="0" fileid="2">
                  <TrackedMethodRefs>
                    <TrackedMethodRef uid="3" vc="1" />
                  </TrackedMethodRefs>
                </SequencePoint>
                <SequencePoint vc="1" uspid="20" ordinal="1" offset="1" sl="32" sc="13" el="32" ec="36" bec="0" bev="0" fileid="2">
                  <TrackedMethodRefs>
                    <TrackedMethodRef uid="3" vc="1" />
                  </TrackedMethodRefs>
                </SequencePoint>
                <SequencePoint vc="1" uspid="21" ordinal="2" offset="7" sl="33" sc="13" el="33" ec="65" bec="0" bev="0" fileid="2">
                  <TrackedMethodRefs>
                    <TrackedMethodRef uid="3" vc="1" />
                  </TrackedMethodRefs>
                </SequencePoint>
                <SequencePoint vc="1" uspid="22" ordinal="3" offset="19" sl="35" sc="13" el="35" ec="116" bec="0" bev="0" fileid="2">
                  <TrackedMethodRefs>
                    <TrackedMethodRef uid="3" vc="1" />
                  </TrackedMethodRefs>
                </SequencePoint>
                <SequencePoint vc="1" uspid="23" ordinal="4" offset="45" sl="37" sc="13" el="37" ec="35" bec="0" bev="0" fileid="2">
                  <TrackedMethodRefs>
                    <TrackedMethodRef uid="3" vc="1" />
                  </TrackedMethodRefs>
                </SequencePoint>
                <SequencePoint vc="1" uspid="24" ordinal="5" offset="54" sl="38" sc="13" el="38" ec="60" bec="0" bev="0" fileid="2">
                  <TrackedMethodRefs>
                    <TrackedMethodRef uid="3" vc="1" />
                  </TrackedMethodRefs>
                </SequencePoint>
                <SequencePoint vc="1" uspid="25" ordinal="6" offset="66" sl="40" sc="13" el="40" ec="113" bec="0" bev="0" fileid="2">
                  <TrackedMethodRefs>
                    <TrackedMethodRef uid="3" vc="1" />
                  </TrackedMethodRefs>
                </SequencePoint>
                <SequencePoint vc="1" uspid="26" ordinal="7" offset="89" sl="41" sc="9" el="41" ec="10" bec="0" bev="0" fileid="2">
                  <TrackedMethodRefs>
                    <TrackedMethodRef uid="3" vc="1" />
                  </TrackedMethodRefs>
                </SequencePoint>
              </SequencePoints>
              <BranchPoints />
              <MethodPoint xsi:type="SequencePoint" vc="1" uspid="19" ordinal="0" offset="0" sl="31" sc="9" el="31" ec="10" bec="0" bev="0" fileid="2">
                <TrackedMethodRefs>
                  <TrackedMethodRef uid="3" vc="1" />
                </TrackedMethodRefs>
              </MethodPoint>
            </Method>
            <Method visited="false" cyclomaticComplexity="1" nPathComplexity="0" sequenceCoverage="0" branchCoverage="0" crapScore="2" isConstructor="true" isStatic="false" isGetter="false" isSetter="false">
              <Summary numSequencePoints="0" visitedSequencePoints="0" numBranchPoints="0" visitedBranchPoints="0" sequenceCoverage="0" branchCoverage="0" maxCyclomaticComplexity="1" minCyclomaticComplexity="1" maxCrapScore="2" minCrapScore="2" visitedClasses="0" numClasses="0" visitedMethods="0" numMethods="0" />
              <MetadataToken>100663301</MetadataToken>
              <Name>System.Void MazeV.Maze_Logic.Tests.MazeTests::.ctor()</Name>
              <SequencePoints />
              <BranchPoints />
              <MethodPoint vc="0" uspid="27" ordinal="0" offset="0" />
            </Method>
          </Methods>
        </Class>
      </Classes>
      <TrackedMethods>
        <TrackedMethod uid="1" token="100663297" name="System.Void MazeV.Maze_Logic.Tests.BaseUnitTests::AssignLocationTest()" strategy="MSTestTest" />
        <TrackedMethod uid="2" token="100663299" name="System.Void MazeV.Maze_Logic.Tests.MazeTests::InitializeTest()" strategy="MSTestTest" />
        <TrackedMethod uid="3" token="100663300" name="System.Void MazeV.Maze_Logic.Tests.MazeTests::GenerateLayoutDataTest()" strategy="MSTestTest" />
      </TrackedMethods>
    </Module>
    <Module hash="31-F0-21-93-A9-A5-29-95-BF-C9-E7-B4-71-A4-0E-08-0C-2D-34-95">
      <Summary numSequencePoints="795" visitedSequencePoints="303" numBranchPoints="251" visitedBranchPoints="83" sequenceCoverage="38.11" branchCoverage="33.07" maxCyclomaticComplexity="9" minCyclomaticComplexity="1" maxCrapScore="90" minCrapScore="1" visitedClasses="11" numClasses="30" visitedMethods="46" numMethods="115" />
      <ModulePath>E:\Work\The Maze\Maze V.012\MazeVTests1\bin\Debug\MazeV.exe</ModulePath>
      <ModuleTime>2018-08-03T20:29:49.7766888Z</ModuleTime>
      <ModuleName>MazeV</ModuleName>
      <Files>
        <File uid="5" fullPath="E:\Work\The Maze\Maze V.012\Maze V 0.10\Form1.cs" />
        <File uid="6" fullPath="E:\Work\The Maze\Maze V.012\Maze V 0.10\Form1.Designer.cs" />
        <File uid="7" fullPath="E:\Work\The Maze\Maze V.012\Maze V 0.10\Program.cs" />
        <File uid="8" fullPath="E:\Work\The Maze\Maze V.012\Maze V 0.10\Properties\Resources.Designer.cs" />
        <File uid="9" fullPath="E:\Work\The Maze\Maze V.012\Maze V 0.10\Properties\Settings.Designer.cs" />
        <File uid="10" fullPath="E:\Work\The Maze\Maze V.012\Maze V 0.10\Maze Logic\Animator.cs" />
        <File uid="11" fullPath="E:\Work\The Maze\Maze V.012\Maze V 0.10\Maze Logic\BaseUnit.cs" />
        <File uid="12" fullPath="E:\Work\The Maze\Maze V.012\Maze V 0.10\Maze Logic\CanvasVisualizer.cs" />
        <File uid="13" fullPath="E:\Work\The Maze\Maze V.012\Maze V 0.10\Maze Logic\ConsoleVisualizer.cs" />
        <File uid="14" fullPath="E:\Work\The Maze\Maze V.012\Maze V 0.10\Maze Logic\EmptyCommand.cs" />
        <File uid="15" fullPath="E:\Work\The Maze\Maze V.012\Maze V 0.10\Maze Logic\Keybindings.cs" />
        <File uid="16" fullPath="E:\Work\The Maze\Maze V.012\Maze V 0.10\Maze Logic\Location.cs" />
        <File uid="17" fullPath="E:\Work\The Maze\Maze V.012\Maze V 0.10\Maze Logic\Maze.cs" />
        <File uid="19" fullPath="E:\Work\The Maze\Maze V.012\Maze V 0.10\Maze Logic\MazeViewRotator.cs" />
        <File uid="20" fullPath="E:\Work\The Maze\Maze V.012\Maze V 0.10\Maze Logic\MoveCommand.cs" />
        <File uid="21" fullPath="E:\Work\The Maze\Maze V.012\Maze V 0.10\Maze Logic\Neighbour.cs" />
        <File uid="22" fullPath="E:\Work\The Maze\Maze V.012\Maze V 0.10\Maze Logic\Node.cs" />
        <File uid="23" fullPath="E:\Work\The Maze\Maze V.012\Maze V 0.10\Maze Logic\NodeLine.cs" />
        <File uid="24" fullPath="E:\Work\The Maze\Maze V.012\Maze V 0.10\Maze Logic\Player.cs" />
        <File uid="25" fullPath="E:\Work\The Maze\Maze V.012\Maze V 0.10\Maze Logic\RotateCommand.cs" />
        <File uid="26" fullPath="E:\Work\The Maze\Maze V.012\Maze V 0.10\Maze Logic\UnitFactory.cs" />
        <File uid="28" fullPath="E:\Work\The Maze\Maze V.012\Maze V 0.10\Maze Logic\UnitList.cs" />
        <File uid="30" fullPath="E:\Work\The Maze\Maze V.012\Maze V 0.10\Maze Logic\UnitMover.cs" />
        <File uid="31" fullPath="E:\Work\The Maze\Maze V.012\Maze V 0.10\Maze Logic\Validator.cs" />
        <File uid="35" fullPath="E:\Work\The Maze\Maze V.012\Maze V 0.10\Maze Logic\MazeView.cs" />
      </Files>
      <Classes>
        <Class>
          <Summary numSequencePoints="80" visitedSequencePoints="0" numBranchPoints="11" visitedBranchPoints="0" sequenceCoverage="0" branchCoverage="0" maxCyclomaticComplexity="3" minCyclomaticComplexity="1" maxCrapScore="12" minCrapScore="2" visitedClasses="0" numClasses="1" visitedMethods="0" numMethods="9" />
          <FullName>MazeV.Form1</FullName>
          <Methods>
            <Method visited="false" cyclomaticComplexity="1" nPathComplexity="0" sequenceCoverage="0" branchCoverage="0" crapScore="2" isConstructor="true" isStatic="false" isGetter="false" isSetter="false">
              <Summary numSequencePoints="13" visitedSequencePoints="0" numBranchPoints="1" visitedBranchPoints="0" sequenceCoverage="0" branchCoverage="0" maxCyclomaticComplexity="1" minCyclomaticComplexity="1" maxCrapScore="2" minCrapScore="2" visitedClasses="0" numClasses="0" visitedMethods="0" numMethods="1" />
              <MetadataToken>100663297</MetadataToken>
              <Name>System.Void MazeV.Form1::.ctor()</Name>
              <FileRef uid="5" />
              <SequencePoints>
                <SequencePoint vc="0" uspid="28" ordinal="0" offset="0" sl="8" sc="9" el="8" ec="41" bec="0" bev="0" fileid="5" />
                <SequencePoint vc="0" uspid="29" ordinal="1" offset="11" sl="8" sc="9" el="8" ec="68" bec="0" bev="0" fileid="6" />
                <SequencePoint vc="0" uspid="30" ordinal="2" offset="18" sl="11" sc="9" el="11" ec="23" bec="0" bev="0" fileid="5" />
                <SequencePoint vc="0" uspid="31" ordinal="3" offset="25" sl="12" sc="9" el="12" ec="10" bec="0" bev="0" fileid="5" />
                <SequencePoint vc="0" uspid="32" ordinal="4" offset="26" sl="13" sc="13" el="13" ec="35" bec="0" bev="0" fileid="5" />
                <SequencePoint vc="0" uspid="33" ordinal="5" offset="33" sl="14" sc="13" el="14" ec="30" bec="0" bev="0" fileid="5" />
                <SequencePoint vc="0" uspid="34" ordinal="6" offset="40" sl="15" sc="13" el="15" ec="37" bec="0" bev="0" fileid="5" />
                <SequencePoint vc="0" uspid="35" ordinal="7" offset="47" sl="17" sc="13" el="17" ec="40" bec="0" bev="0" fileid="5" />
                <SequencePoint vc="0" uspid="36" ordinal="8" offset="55" sl="19" sc="13" el="19" ec="37" bec="0" bev="0" fileid="5" />
                <SequencePoint vc="0" uspid="37" ordinal="9" offset="66" sl="20" sc="13" el="20" ec="38" bec="0" bev="0" fileid="5" />
                <SequencePoint vc="0" uspid="38" ordinal="10" offset="83" sl="21" sc="13" el="21" ec="47" bec="0" bev="0" fileid="5" />
                <SequencePoint vc="0" uspid="39" ordinal="11" offset="107" sl="22" sc="13" el="22" ec="31" bec="0" bev="0" fileid="5" />
                <SequencePoint vc="0" uspid="40" ordinal="12" offset="119" sl="23" sc="9" el="23" ec="10" bec="0" bev="0" fileid="5" />
              </SequencePoints>
              <BranchPoints />
              <MethodPoint xsi:type="SequencePoint" vc="0" uspid="28" ordinal="0" offset="0" sl="8" sc="9" el="8" ec="41" bec="0" bev="0" fileid="5" />
            </Method>
            <Method visited="false" cyclomaticComplexity="1" nPathComplexity="0" sequenceCoverage="0" branchCoverage="0" crapScore="2" isConstructor="false" isStatic="false" isGetter="false" isSetter="false">
              <Summary numSequencePoints="4" visitedSequencePoints="0" numBranchPoints="1" visitedBranchPoints="0" sequenceCoverage="0" branchCoverage="0" maxCyclomaticComplexity="1" minCyclomaticComplexity="1" maxCrapScore="2" minCrapScore="2" visitedClasses="0" numClasses="0" visitedMethods="0" numMethods="1" />
              <MetadataToken>100663298</MetadataToken>
              <Name>System.Void MazeV.Form1::InitializeMaze()</Name>
              <FileRef uid="5" />
              <SequencePoints>
                <SequencePoint vc="0" uspid="41" ordinal="0" offset="0" sl="26" sc="9" el="26" ec="10" bec="0" bev="0" fileid="5" />
                <SequencePoint vc="0" uspid="42" ordinal="1" offset="1" sl="27" sc="13" el="27" ec="37" bec="0" bev="0" fileid="5" />
                <SequencePoint vc="0" uspid="43" ordinal="2" offset="16" sl="28" sc="13" el="28" ec="45" bec="0" bev="0" fileid="5" />
                <SequencePoint vc="0" uspid="44" ordinal="3" offset="33" sl="29" sc="9" el="29" ec="10" bec="0" bev="0" fileid="5" />
              </SequencePoints>
              <BranchPoints />
              <MethodPoint xsi:type="SequencePoint" vc="0" uspid="41" ordinal="0" offset="0" sl="26" sc="9" el="26" ec="10" bec="0" bev="0" fileid="5" />
            </Method>
            <Method visited="false" cyclomaticComplexity="1" nPathComplexity="0" sequenceCoverage="0" branchCoverage="0" crapScore="2" isConstructor="false" isStatic="false" isGetter="false" isSetter="false">
              <Summary numSequencePoints="10" visitedSequencePoints="0" numBranchPoints="1" visitedBranchPoints="0" sequenceCoverage="0" branchCoverage="0" maxCyclomaticComplexity="1" minCyclomaticComplexity="1" maxCrapScore="2" minCrapScore="2" visitedClasses="0" numClasses="0" visitedMethods="0" numMethods="1" />
              <MetadataToken>100663299</MetadataToken>
              <Name>System.Void MazeV.Form1::InitializeKeybindings()</Name>
              <FileRef uid="5" />
              <SequencePoints>
                <SequencePoint vc="0" uspid="45" ordinal="0" offset="0" sl="32" sc="9" el="32" ec="10" bec="0" bev="0" fileid="5" />
                <SequencePoint vc="0" uspid="46" ordinal="1" offset="1" sl="33" sc="13" el="33" ec="121" bec="0" bev="0" fileid="5" />
                <SequencePoint vc="0" uspid="47" ordinal="2" offset="48" sl="34" sc="13" el="34" ec="125" bec="0" bev="0" fileid="5" />
                <SequencePoint vc="0" uspid="48" ordinal="3" offset="95" sl="35" sc="13" el="35" ec="125" bec="0" bev="0" fileid="5" />
                <SequencePoint vc="0" uspid="49" ordinal="4" offset="142" sl="36" sc="13" el="36" ec="127" bec="0" bev="0" fileid="5" />
                <SequencePoint vc="0" uspid="50" ordinal="5" offset="189" sl="38" sc="13" el="38" ec="80" bec="0" bev="0" fileid="5" />
                <SequencePoint vc="0" uspid="51" ordinal="6" offset="214" sl="39" sc="13" el="39" ec="82" bec="0" bev="0" fileid="5" />
                <SequencePoint vc="0" uspid="52" ordinal="7" offset="239" sl="40" sc="13" el="40" ec="82" bec="0" bev="0" fileid="5" />
                <SequencePoint vc="0" uspid="53" ordinal="8" offset="264" sl="41" sc="13" el="41" ec="83" bec="0" bev="0" fileid="5" />
                <SequencePoint vc="0" uspid="54" ordinal="9" offset="289" sl="42" sc="9" el="42" ec="10" bec="0" bev="0" fileid="5" />
              </SequencePoints>
              <BranchPoints />
              <MethodPoint xsi:type="SequencePoint" vc="0" uspid="45" ordinal="0" offset="0" sl="32" sc="9" el="32" ec="10" bec="0" bev="0" fileid="5" />
            </Method>
            <Method visited="false" cyclomaticComplexity="1" nPathComplexity="0" sequenceCoverage="0" branchCoverage="0" crapScore="2" isConstructor="false" isStatic="false" isGetter="false" isSetter="false">
              <Summary numSequencePoints="5" visitedSequencePoints="0" numBranchPoints="1" visitedBranchPoints="0" sequenceCoverage="0" branchCoverage="0" maxCyclomaticComplexity="1" minCyclomaticComplexity="1" maxCrapScore="2" minCrapScore="2" visitedClasses="0" numClasses="0" visitedMethods="0" numMethods="1" />
              <MetadataToken>100663300</MetadataToken>
              <Name>System.Void MazeV.Form1::MoveUnits()</Name>
              <FileRef uid="5" />
              <SequencePoints>
                <SequencePoint vc="0" uspid="55" ordinal="0" offset="0" sl="45" sc="9" el="45" ec="10" bec="0" bev="0" fileid="5" />
                <SequencePoint vc="0" uspid="56" ordinal="1" offset="1" sl="46" sc="13" el="46" ec="50" bec="0" bev="0" fileid="5" />
                <SequencePoint vc="0" uspid="57" ordinal="2" offset="7" sl="47" sc="13" el="47" ec="56" bec="0" bev="0" fileid="5" />
                <SequencePoint vc="0" uspid="58" ordinal="3" offset="24" sl="48" sc="13" el="48" ec="109" bec="0" bev="0" fileid="5" />
                <SequencePoint vc="0" uspid="59" ordinal="4" offset="60" sl="49" sc="9" el="49" ec="10" bec="0" bev="0" fileid="5" />
              </SequencePoints>
              <BranchPoints />
              <MethodPoint xsi:type="SequencePoint" vc="0" uspid="55" ordinal="0" offset="0" sl="45" sc="9" el="45" ec="10" bec="0" bev="0" fileid="5" />
            </Method>
            <Method visited="false" cyclomaticComplexity="1" nPathComplexity="0" sequenceCoverage="0" branchCoverage="0" crapScore="2" isConstructor="false" isStatic="false" isGetter="false" isSetter="false">
              <Summary numSequencePoints="4" visitedSequencePoints="0" numBranchPoints="1" visitedBranchPoints="0" sequenceCoverage="0" branchCoverage="0" maxCyclomaticComplexity="1" minCyclomaticComplexity="1" maxCrapScore="2" minCrapScore="2" visitedClasses="0" numClasses="0" visitedMethods="0" numMethods="1" />
              <MetadataToken>100663301</MetadataToken>
              <Name>System.Void MazeV.Form1::FAnimator_Tick1(System.Object,System.EventArgs)</Name>
              <FileRef uid="5" />
              <SequencePoints>
                <SequencePoint vc="0" uspid="60" ordinal="0" offset="0" sl="52" sc="9" el="52" ec="10" bec="0" bev="0" fileid="5" />
                <SequencePoint vc="0" uspid="61" ordinal="1" offset="1" sl="53" sc="13" el="53" ec="25" bec="0" bev="0" fileid="5" />
                <SequencePoint vc="0" uspid="62" ordinal="2" offset="8" sl="55" sc="13" el="55" ec="35" bec="0" bev="0" fileid="5" />
                <SequencePoint vc="0" uspid="63" ordinal="3" offset="20" sl="56" sc="9" el="56" ec="10" bec="0" bev="0" fileid="5" />
              </SequencePoints>
              <BranchPoints />
              <MethodPoint xsi:type="SequencePoint" vc="0" uspid="60" ordinal="0" offset="0" sl="52" sc="9" el="52" ec="10" bec="0" bev="0" fileid="5" />
            </Method>
            <Method visited="false" cyclomaticComplexity="1" nPathComplexity="0" sequenceCoverage="0" branchCoverage="0" crapScore="2" isConstructor="false" isStatic="false" isGetter="false" isSetter="false">
              <Summary numSequencePoints="5" visitedSequencePoints="0" numBranchPoints="1" visitedBranchPoints="0" sequenceCoverage="0" branchCoverage="0" maxCyclomaticComplexity="1" minCyclomaticComplexity="1" maxCrapScore="2" minCrapScore="2" visitedClasses="0" numClasses="0" visitedMethods="0" numMethods="1" />
              <MetadataToken>100663302</MetadataToken>
              <Name>System.Boolean MazeV.Form1::ProcessCmdKey(System.Windows.Forms.Message&amp;,System.Windows.Forms.Keys)</Name>
              <FileRef uid="5" />
              <SequencePoints>
                <SequencePoint vc="0" uspid="64" ordinal="0" offset="0" sl="59" sc="9" el="59" ec="10" bec="0" bev="0" fileid="5" />
                <SequencePoint vc="0" uspid="65" ordinal="1" offset="1" sl="60" sc="13" el="60" ec="64" bec="0" bev="0" fileid="5" />
                <SequencePoint vc="0" uspid="66" ordinal="2" offset="8" sl="61" sc="13" el="61" ec="31" bec="0" bev="0" fileid="5" />
                <SequencePoint vc="0" uspid="67" ordinal="3" offset="15" sl="63" sc="13" el="63" ec="57" bec="0" bev="0" fileid="5" />
                <SequencePoint vc="0" uspid="68" ordinal="4" offset="26" sl="64" sc="9" el="64" ec="10" bec="0" bev="0" fileid="5" />
              </SequencePoints>
              <BranchPoints />
              <MethodPoint xsi:type="SequencePoint" vc="0" uspid="64" ordinal="0" offset="0" sl="59" sc="9" el="59" ec="10" bec="0" bev="0" fileid="5" />
            </Method>
            <Method visited="false" cyclomaticComplexity="1" nPathComplexity="0" sequenceCoverage="0" branchCoverage="0" crapScore="2" isConstructor="false" isStatic="false" isGetter="false" isSetter="false">
              <Summary numSequencePoints="5" visitedSequencePoints="0" numBranchPoints="1" visitedBranchPoints="0" sequenceCoverage="0" branchCoverage="0" maxCyclomaticComplexity="1" minCyclomaticComplexity="1" maxCrapScore="2" minCrapScore="2" visitedClasses="0" numClasses="0" visitedMethods="0" numMethods="1" />
              <MetadataToken>100663303</MetadataToken>
              <Name>System.Void MazeV.Form1::pictureBox1_Paint(System.Object,System.Windows.Forms.PaintEventArgs)</Name>
              <FileRef uid="5" />
              <SequencePoints>
                <SequencePoint vc="0" uspid="69" ordinal="0" offset="0" sl="67" sc="9" el="67" ec="10" bec="0" bev="0" fileid="5" />
                <SequencePoint vc="0" uspid="70" ordinal="1" offset="1" sl="68" sc="13" el="68" ec="71" bec="0" bev="0" fileid="5" />
                <SequencePoint vc="0" uspid="71" ordinal="2" offset="13" sl="70" sc="13" el="70" ec="61" bec="0" bev="0" fileid="5" />
                <SequencePoint vc="0" uspid="72" ordinal="3" offset="42" sl="71" sc="13" el="71" ec="41" bec="0" bev="0" fileid="5" />
                <SequencePoint vc="0" uspid="73" ordinal="4" offset="54" sl="72" sc="9" el="72" ec="10" bec="0" bev="0" fileid="5" />
              </SequencePoints>
              <BranchPoints />
              <MethodPoint xsi:type="SequencePoint" vc="0" uspid="69" ordinal="0" offset="0" sl="67" sc="9" el="67" ec="10" bec="0" bev="0" fileid="5" />
            </Method>
            <Method visited="false" cyclomaticComplexity="3" nPathComplexity="2" sequenceCoverage="0" branchCoverage="0" crapScore="12" isConstructor="false" isStatic="false" isGetter="false" isSetter="false">
              <Summary numSequencePoints="7" visitedSequencePoints="0" numBranchPoints="3" visitedBranchPoints="0" sequenceCoverage="0" branchCoverage="0" maxCyclomaticComplexity="3" minCyclomaticComplexity="3" maxCrapScore="12" minCrapScore="12" visitedClasses="0" numClasses="0" visitedMethods="0" numMethods="1" />
              <MetadataToken>100663304</MetadataToken>
              <Name>System.Void MazeV.Form1::Dispose(System.Boolean)</Name>
              <FileRef uid="6" />
              <SequencePoints>
                <SequencePoint vc="0" uspid="74" ordinal="0" offset="0" sl="15" sc="9" el="15" ec="10" bec="0" bev="0" fileid="6" />
                <SequencePoint vc="0" uspid="75" ordinal="1" offset="1" sl="16" sc="13" el="16" ec="51" bec="2" bev="0" fileid="6" />
                <SequencePoint vc="0" uspid="76" ordinal="2" offset="20" sl="17" sc="13" el="17" ec="14" bec="0" bev="0" fileid="6" />
                <SequencePoint vc="0" uspid="77" ordinal="3" offset="21" sl="18" sc="17" el="18" ec="38" bec="0" bev="0" fileid="6" />
                <SequencePoint vc="0" uspid="78" ordinal="4" offset="33" sl="19" sc="13" el="19" ec="14" bec="0" bev="0" fileid="6" />
                <SequencePoint vc="0" uspid="79" ordinal="5" offset="34" sl="20" sc="13" el="20" ec="37" bec="0" bev="0" fileid="6" />
                <SequencePoint vc="0" uspid="80" ordinal="6" offset="42" sl="21" sc="9" el="21" ec="10" bec="0" bev="0" fileid="6" />
              </SequencePoints>
              <BranchPoints>
                <BranchPoint vc="0" uspid="83" ordinal="2" offset="18" sl="16" path="0" offsetend="20" fileid="6" />
                <BranchPoint vc="0" uspid="84" ordinal="3" offset="18" sl="16" path="1" offsetend="34" fileid="6" />
              </BranchPoints>
              <MethodPoint xsi:type="SequencePoint" vc="0" uspid="74" ordinal="0" offset="0" sl="15" sc="9" el="15" ec="10" bec="0" bev="0" fileid="6" />
            </Method>
            <Method visited="false" cyclomaticComplexity="1" nPathComplexity="0" sequenceCoverage="0" branchCoverage="0" crapScore="2" isConstructor="false" isStatic="false" isGetter="false" isSetter="false">
              <Summary numSequencePoints="27" visitedSequencePoints="0" numBranchPoints="1" visitedBranchPoints="0" sequenceCoverage="0" branchCoverage="0" maxCyclomaticComplexity="1" minCyclomaticComplexity="1" maxCrapScore="2" minCrapScore="2" visitedClasses="0" numClasses="0" visitedMethods="0" numMethods="1" />
              <MetadataToken>100663305</MetadataToken>
              <Name>System.Void MazeV.Form1::InitializeComponent()</Name>
              <FileRef uid="6" />
              <SequencePoints>
                <SequencePoint vc="0" uspid="85" ordinal="0" offset="0" sl="30" sc="9" el="30" ec="10" bec="0" bev="0" fileid="6" />
                <SequencePoint vc="0" uspid="86" ordinal="1" offset="1" sl="31" sc="13" el="31" ec="62" bec="0" bev="0" fileid="6" />
                <SequencePoint vc="0" uspid="87" ordinal="2" offset="12" sl="32" sc="13" el="32" ec="70" bec="0" bev="0" fileid="6" />
                <SequencePoint vc="0" uspid="88" ordinal="3" offset="23" sl="33" sc="13" el="33" ec="88" bec="0" bev="0" fileid="6" />
                <SequencePoint vc="0" uspid="89" ordinal="4" offset="35" sl="34" sc="13" el="34" ec="34" bec="0" bev="0" fileid="6" />
                <SequencePoint vc="0" uspid="90" ordinal="5" offset="42" sl="38" sc="13" el="38" ec="72" bec="0" bev="0" fileid="6" />
                <SequencePoint vc="0" uspid="91" ordinal="6" offset="69" sl="39" sc="13" el="39" ec="43" bec="0" bev="0" fileid="6" />
                <SequencePoint vc="0" uspid="92" ordinal="7" offset="86" sl="40" sc="13" el="40" ec="65" bec="0" bev="0" fileid="6" />
                <SequencePoint vc="0" uspid="93" ordinal="8" offset="107" sl="41" sc="13" el="41" ec="39" bec="0" bev="0" fileid="6" />
                <SequencePoint vc="0" uspid="94" ordinal="9" offset="120" sl="42" sc="13" el="42" ec="43" bec="0" bev="0" fileid="6" />
                <SequencePoint vc="0" uspid="95" ordinal="10" offset="137" sl="43" sc="13" el="43" ec="57" bec="0" bev="0" fileid="6" />
                <SequencePoint vc="0" uspid="96" ordinal="11" offset="150" sl="47" sc="13" el="47" ec="74" bec="0" bev="0" fileid="6" />
                <SequencePoint vc="0" uspid="97" ordinal="12" offset="171" sl="48" sc="13" el="48" ec="51" bec="0" bev="0" fileid="6" />
                <SequencePoint vc="0" uspid="98" ordinal="13" offset="188" sl="49" sc="13" el="49" ec="71" bec="0" bev="0" fileid="6" />
                <SequencePoint vc="0" uspid="99" ordinal="14" offset="215" sl="50" sc="13" el="50" ec="43" bec="0" bev="0" fileid="6" />
                <SequencePoint vc="0" uspid="100" ordinal="15" offset="228" sl="51" sc="13" el="51" ec="46" bec="0" bev="0" fileid="6" />
                <SequencePoint vc="0" uspid="101" ordinal="16" offset="241" sl="52" sc="13" el="52" ec="106" bec="0" bev="0" fileid="6" />
                <SequencePoint vc="0" uspid="102" ordinal="17" offset="265" sl="56" sc="13" el="56" ec="74" bec="0" bev="0" fileid="6" />
                <SequencePoint vc="0" uspid="103" ordinal="18" offset="287" sl="57" sc="13" el="57" ec="74" bec="0" bev="0" fileid="6" />
                <SequencePoint vc="0" uspid="104" ordinal="19" offset="295" sl="58" sc="13" el="58" ec="65" bec="0" bev="0" fileid="6" />
                <SequencePoint vc="0" uspid="105" ordinal="20" offset="317" sl="59" sc="13" el="59" ec="49" bec="0" bev="0" fileid="6" />
                <SequencePoint vc="0" uspid="106" ordinal="21" offset="335" sl="60" sc="13" el="60" ec="45" bec="0" bev="0" fileid="6" />
                <SequencePoint vc="0" uspid="107" ordinal="22" offset="353" sl="61" sc="13" el="61" ec="33" bec="0" bev="0" fileid="6" />
                <SequencePoint vc="0" uspid="108" ordinal="23" offset="365" sl="62" sc="13" el="62" ec="33" bec="0" bev="0" fileid="6" />
                <SequencePoint vc="0" uspid="109" ordinal="24" offset="377" sl="63" sc="13" el="63" ec="86" bec="0" bev="0" fileid="6" />
                <SequencePoint vc="0" uspid="110" ordinal="25" offset="389" sl="64" sc="13" el="64" ec="38" bec="0" bev="0" fileid="6" />
                <SequencePoint vc="0" uspid="111" ordinal="26" offset="397" sl="66" sc="9" el="66" ec="10" bec="0" bev="0" fileid="6" />
              </SequencePoints>
              <BranchPoints />
              <MethodPoint xsi:type="SequencePoint" vc="0" uspid="85" ordinal="0" offset="0" sl="30" sc="9" el="30" ec="10" bec="0" bev="0" fileid="6" />
            </Method>
          </Methods>
        </Class>
        <Class>
          <Summary numSequencePoints="5" visitedSequencePoints="0" numBranchPoints="1" visitedBranchPoints="0" sequenceCoverage="0" branchCoverage="0" maxCyclomaticComplexity="1" minCyclomaticComplexity="1" maxCrapScore="2" minCrapScore="2" visitedClasses="0" numClasses="1" visitedMethods="0" numMethods="1" />
          <FullName>MazeV.Program</FullName>
          <Methods>
            <Method visited="false" cyclomaticComplexity="1" nPathComplexity="0" sequenceCoverage="0" branchCoverage="0" crapScore="2" isConstructor="false" isStatic="true" isGetter="false" isSetter="false">
              <Summary numSequencePoints="5" visitedSequencePoints="0" numBranchPoints="1" visitedBranchPoints="0" sequenceCoverage="0" branchCoverage="0" maxCyclomaticComplexity="1" minCyclomaticComplexity="1" maxCrapScore="2" minCrapScore="2" visitedClasses="0" numClasses="0" visitedMethods="0" numMethods="1" />
              <MetadataToken>100663306</MetadataToken>
              <Name>System.Void MazeV.Program::Main()</Name>
              <FileRef uid="7" />
              <SequencePoints>
                <SequencePoint vc="0" uspid="112" ordinal="0" offset="0" sl="16" sc="9" el="16" ec="10" bec="0" bev="0" fileid="7" />
                <SequencePoint vc="0" uspid="113" ordinal="1" offset="1" sl="17" sc="13" el="17" ec="46" bec="0" bev="0" fileid="7" />
                <SequencePoint vc="0" uspid="114" ordinal="2" offset="7" sl="18" sc="13" el="18" ec="66" bec="0" bev="0" fileid="7" />
                <SequencePoint vc="0" uspid="115" ordinal="3" offset="14" sl="19" sc="13" el="19" ec="42" bec="0" bev="0" fileid="7" />
                <SequencePoint vc="0" uspid="116" ordinal="4" offset="25" sl="20" sc="9" el="20" ec="10" bec="0" bev="0" fileid="7" />
              </SequencePoints>
              <BranchPoints />
              <MethodPoint xsi:type="SequencePoint" vc="0" uspid="112" ordinal="0" offset="0" sl="16" sc="9" el="16" ec="10" bec="0" bev="0" fileid="7" />
            </Method>
          </Methods>
        </Class>
        <Class>
          <Summary numSequencePoints="17" visitedSequencePoints="0" numBranchPoints="6" visitedBranchPoints="0" sequenceCoverage="0" branchCoverage="0" maxCyclomaticComplexity="2" minCyclomaticComplexity="1" maxCrapScore="6" minCrapScore="2" visitedClasses="0" numClasses="1" visitedMethods="0" numMethods="4" />
          <FullName>MazeV.Properties.Resources</FullName>
          <Methods>
            <Method visited="false" cyclomaticComplexity="2" nPathComplexity="2" sequenceCoverage="0" branchCoverage="0" crapScore="6" isConstructor="false" isStatic="true" isGetter="true" isSetter="false">
              <Summary numSequencePoints="8" visitedSequencePoints="0" numBranchPoints="3" visitedBranchPoints="0" sequenceCoverage="0" branchCoverage="0" maxCyclomaticComplexity="2" minCyclomaticComplexity="2" maxCrapScore="6" minCrapScore="6" visitedClasses="0" numClasses="0" visitedMethods="0" numMethods="1" />
              <MetadataToken>100663308</MetadataToken>
              <Name>System.Resources.ResourceManager MazeV.Properties.Resources::get_ResourceManager()</Name>
              <FileRef uid="8" />
              <SequencePoints>
                <SequencePoint vc="0" uspid="117" ordinal="0" offset="0" sl="40" sc="17" el="40" ec="18" bec="0" bev="0" fileid="8" />
                <SequencePoint vc="0" uspid="118" ordinal="1" offset="1" sl="41" sc="17" el="41" ec="63" bec="2" bev="0" fileid="8" />
                <SequencePoint vc="0" uspid="119" ordinal="2" offset="13" sl="41" sc="64" el="41" ec="65" bec="0" bev="0" fileid="8" />
                <SequencePoint vc="0" uspid="120" ordinal="3" offset="14" sl="42" sc="21" el="42" ec="172" bec="0" bev="0" fileid="8" />
                <SequencePoint vc="0" uspid="121" ordinal="4" offset="40" sl="43" sc="21" el="43" ec="40" bec="0" bev="0" fileid="8" />
                <SequencePoint vc="0" uspid="122" ordinal="5" offset="46" sl="44" sc="17" el="44" ec="18" bec="0" bev="0" fileid="8" />
                <SequencePoint vc="0" uspid="123" ordinal="6" offset="47" sl="45" sc="17" el="45" ec="36" bec="0" bev="0" fileid="8" />
                <SequencePoint vc="0" uspid="124" ordinal="7" offset="55" sl="46" sc="13" el="46" ec="14" bec="0" bev="0" fileid="8" />
              </SequencePoints>
              <BranchPoints>
                <BranchPoint vc="0" uspid="125" ordinal="0" offset="11" sl="41" path="0" offsetend="13" fileid="8" />
                <BranchPoint vc="0" uspid="126" ordinal="1" offset="11" sl="41" path="1" offsetend="47" fileid="8" />
              </BranchPoints>
              <MethodPoint xsi:type="SequencePoint" vc="0" uspid="117" ordinal="0" offset="0" sl="40" sc="17" el="40" ec="18" bec="0" bev="0" fileid="8" />
            </Method>
            <Method visited="false" cyclomaticComplexity="1" nPathComplexity="0" sequenceCoverage="0" branchCoverage="0" crapScore="2" isConstructor="false" isStatic="true" isGetter="true" isSetter="false">
              <Summary numSequencePoints="3" visitedSequencePoints="0" numBranchPoints="1" visitedBranchPoints="0" sequenceCoverage="0" branchCoverage="0" maxCyclomaticComplexity="1" minCyclomaticComplexity="1" maxCrapScore="2" minCrapScore="2" visitedClasses="0" numClasses="0" visitedMethods="0" numMethods="1" />
              <MetadataToken>100663309</MetadataToken>
              <Name>System.Globalization.CultureInfo MazeV.Properties.Resources::get_Culture()</Name>
              <FileRef uid="8" />
              <SequencePoints>
                <SequencePoint vc="0" uspid="127" ordinal="0" offset="0" sl="55" sc="17" el="55" ec="18" bec="0" bev="0" fileid="8" />
                <SequencePoint vc="0" uspid="128" ordinal="1" offset="1" sl="56" sc="17" el="56" ec="40" bec="0" bev="0" fileid="8" />
                <SequencePoint vc="0" uspid="129" ordinal="2" offset="9" sl="57" sc="13" el="57" ec="14" bec="0" bev="0" fileid="8" />
              </SequencePoints>
              <BranchPoints />
              <MethodPoint xsi:type="SequencePoint" vc="0" uspid="127" ordinal="0" offset="0" sl="55" sc="17" el="55" ec="18" bec="0" bev="0" fileid="8" />
            </Method>
            <Method visited="false" cyclomaticComplexity="1" nPathComplexity="0" sequenceCoverage="0" branchCoverage="0" crapScore="2" isConstructor="false" isStatic="true" isGetter="false" isSetter="true">
              <Summary numSequencePoints="3" visitedSequencePoints="0" numBranchPoints="1" visitedBranchPoints="0" sequenceCoverage="0" branchCoverage="0" maxCyclomaticComplexity="1" minCyclomaticComplexity="1" maxCrapScore="2" minCrapScore="2" visitedClasses="0" numClasses="0" visitedMethods="0" numMethods="1" />
              <MetadataToken>100663310</MetadataToken>
              <Name>System.Void MazeV.Properties.Resources::set_Culture(System.Globalization.CultureInfo)</Name>
              <FileRef uid="8" />
              <SequencePoints>
                <SequencePoint vc="0" uspid="130" ordinal="0" offset="0" sl="58" sc="17" el="58" ec="18" bec="0" bev="0" fileid="8" />
                <SequencePoint vc="0" uspid="131" ordinal="1" offset="1" sl="59" sc="17" el="59" ec="41" bec="0" bev="0" fileid="8" />
                <SequencePoint vc="0" uspid="132" ordinal="2" offset="7" sl="60" sc="13" el="60" ec="14" bec="0" bev="0" fileid="8" />
              </SequencePoints>
              <BranchPoints />
              <MethodPoint xsi:type="SequencePoint" vc="0" uspid="130" ordinal="0" offset="0" sl="58" sc="17" el="58" ec="18" bec="0" bev="0" fileid="8" />
            </Method>
            <Method visited="false" cyclomaticComplexity="1" nPathComplexity="0" sequenceCoverage="0" branchCoverage="0" crapScore="2" isConstructor="true" isStatic="false" isGetter="false" isSetter="false">
              <Summary numSequencePoints="3" visitedSequencePoints="0" numBranchPoints="1" visitedBranchPoints="0" sequenceCoverage="0" branchCoverage="0" maxCyclomaticComplexity="1" minCyclomaticComplexity="1" maxCrapScore="2" minCrapScore="2" visitedClasses="0" numClasses="0" visitedMethods="0" numMethods="1" />
              <MetadataToken>100663307</MetadataToken>
              <Name>System.Void MazeV.Properties.Resources::.ctor()</Name>
              <FileRef uid="8" />
              <SequencePoints>
                <SequencePoint vc="0" uspid="133" ordinal="0" offset="0" sl="32" sc="9" el="32" ec="29" bec="0" bev="0" fileid="8" />
                <SequencePoint vc="0" uspid="134" ordinal="1" offset="7" sl="32" sc="30" el="32" ec="31" bec="0" bev="0" fileid="8" />
                <SequencePoint vc="0" uspid="135" ordinal="2" offset="8" sl="33" sc="9" el="33" ec="10" bec="0" bev="0" fileid="8" />
              </SequencePoints>
              <BranchPoints />
              <MethodPoint xsi:type="SequencePoint" vc="0" uspid="133" ordinal="0" offset="0" sl="32" sc="9" el="32" ec="29" bec="0" bev="0" fileid="8" />
            </Method>
          </Methods>
        </Class>
        <Class>
          <Summary numSequencePoints="4" visitedSequencePoints="0" numBranchPoints="2" visitedBranchPoints="0" sequenceCoverage="0" branchCoverage="0" maxCyclomaticComplexity="1" minCyclomaticComplexity="1" maxCrapScore="2" minCrapScore="2" visitedClasses="0" numClasses="1" visitedMethods="0" numMethods="2" />
          <FullName>MazeV.Properties.Settings</FullName>
          <Methods>
            <Method visited="false" cyclomaticComplexity="1" nPathComplexity="0" sequenceCoverage="0" branchCoverage="0" crapScore="2" isConstructor="false" isStatic="true" isGetter="true" isSetter="false">
              <Summary numSequencePoints="3" visitedSequencePoints="0" numBranchPoints="1" visitedBranchPoints="0" sequenceCoverage="0" branchCoverage="0" maxCyclomaticComplexity="1" minCyclomaticComplexity="1" maxCrapScore="2" minCrapScore="2" visitedClasses="0" numClasses="0" visitedMethods="0" numMethods="1" />
              <MetadataToken>100663311</MetadataToken>
              <Name>MazeV.Properties.Settings MazeV.Properties.Settings::get_Default()</Name>
              <FileRef uid="9" />
              <SequencePoints>
                <SequencePoint vc="0" uspid="136" ordinal="0" offset="0" sl="21" sc="17" el="21" ec="18" bec="0" bev="0" fileid="9" />
                <SequencePoint vc="0" uspid="137" ordinal="1" offset="1" sl="22" sc="17" el="22" ec="40" bec="0" bev="0" fileid="9" />
                <SequencePoint vc="0" uspid="138" ordinal="2" offset="9" sl="23" sc="13" el="23" ec="14" bec="0" bev="0" fileid="9" />
              </SequencePoints>
              <BranchPoints />
              <MethodPoint xsi:type="SequencePoint" vc="0" uspid="136" ordinal="0" offset="0" sl="21" sc="17" el="21" ec="18" bec="0" bev="0" fileid="9" />
            </Method>
            <Method visited="false" cyclomaticComplexity="1" nPathComplexity="0" sequenceCoverage="0" branchCoverage="0" crapScore="2" isConstructor="true" isStatic="false" isGetter="false" isSetter="false">
              <Summary numSequencePoints="0" visitedSequencePoints="0" numBranchPoints="0" visitedBranchPoints="0" sequenceCoverage="0" branchCoverage="0" maxCyclomaticComplexity="1" minCyclomaticComplexity="1" maxCrapScore="2" minCrapScore="2" visitedClasses="0" numClasses="0" visitedMethods="0" numMethods="0" />
              <MetadataToken>100663312</MetadataToken>
              <Name>System.Void MazeV.Properties.Settings::.ctor()</Name>
              <SequencePoints />
              <BranchPoints />
              <MethodPoint vc="0" uspid="139" ordinal="0" offset="0" />
            </Method>
            <Method visited="false" cyclomaticComplexity="1" nPathComplexity="0" sequenceCoverage="0" branchCoverage="0" crapScore="2" isConstructor="true" isStatic="true" isGetter="false" isSetter="false">
              <Summary numSequencePoints="1" visitedSequencePoints="0" numBranchPoints="1" visitedBranchPoints="0" sequenceCoverage="0" branchCoverage="0" maxCyclomaticComplexity="1" minCyclomaticComplexity="1" maxCrapScore="2" minCrapScore="2" visitedClasses="0" numClasses="0" visitedMethods="0" numMethods="1" />
              <MetadataToken>100663313</MetadataToken>
              <Name>System.Void MazeV.Properties.Settings::.cctor()</Name>
              <FileRef uid="9" />
              <SequencePoints>
                <SequencePoint vc="0" uspid="140" ordinal="0" offset="0" sl="18" sc="9" el="18" ec="147" bec="0" bev="0" fileid="9" />
              </SequencePoints>
              <BranchPoints />
              <MethodPoint xsi:type="SequencePoint" vc="0" uspid="140" ordinal="0" offset="0" sl="18" sc="9" el="18" ec="147" bec="0" bev="0" fileid="9" />
            </Method>
          </Methods>
        </Class>
        <Class>
          <Summary numSequencePoints="4" visitedSequencePoints="0" numBranchPoints="1" visitedBranchPoints="0" sequenceCoverage="0" branchCoverage="0" maxCyclomaticComplexity="1" minCyclomaticComplexity="1" maxCrapScore="2" minCrapScore="2" visitedClasses="0" numClasses="1" visitedMethods="0" numMethods="1" />
          <FullName>MazeV.Maze_Logic.Animator</FullName>
          <Methods>
            <Method visited="false" cyclomaticComplexity="1" nPathComplexity="0" sequenceCoverage="0" branchCoverage="0" crapScore="2" isConstructor="true" isStatic="false" isGetter="false" isSetter="false">
              <Summary numSequencePoints="4" visitedSequencePoints="0" numBranchPoints="1" visitedBranchPoints="0" sequenceCoverage="0" branchCoverage="0" maxCyclomaticComplexity="1" minCyclomaticComplexity="1" maxCrapScore="2" minCrapScore="2" visitedClasses="0" numClasses="0" visitedMethods="0" numMethods="1" />
              <MetadataToken>100663314</MetadataToken>
              <Name>System.Void MazeV.Maze_Logic.Animator::.ctor()</Name>
              <FileRef uid="10" />
              <SequencePoints>
                <SequencePoint vc="0" uspid="141" ordinal="0" offset="0" sl="14" sc="9" el="14" ec="26" bec="0" bev="0" fileid="10" />
                <SequencePoint vc="0" uspid="142" ordinal="1" offset="7" sl="15" sc="9" el="15" ec="10" bec="0" bev="0" fileid="10" />
                <SequencePoint vc="0" uspid="143" ordinal="2" offset="8" sl="16" sc="13" el="16" ec="34" bec="0" bev="0" fileid="10" />
                <SequencePoint vc="0" uspid="144" ordinal="3" offset="19" sl="17" sc="9" el="17" ec="10" bec="0" bev="0" fileid="10" />
              </SequencePoints>
              <BranchPoints />
              <MethodPoint xsi:type="SequencePoint" vc="0" uspid="141" ordinal="0" offset="0" sl="14" sc="9" el="14" ec="26" bec="0" bev="0" fileid="10" />
            </Method>
          </Methods>
        </Class>
        <Class>
          <Summary numSequencePoints="10" visitedSequencePoints="10" numBranchPoints="2" visitedBranchPoints="2" sequenceCoverage="100" branchCoverage="100" maxCyclomaticComplexity="1" minCyclomaticComplexity="1" maxCrapScore="1" minCrapScore="1" visitedClasses="1" numClasses="1" visitedMethods="2" numMethods="2" />
          <FullName>MazeV.Maze_Logic.BaseUnit</FullName>
          <Methods>
            <Method skippedDueTo="AutoImplementedProperty" visited="false" cyclomaticComplexity="1" nPathComplexity="0" sequenceCoverage="0" branchCoverage="0" crapScore="0" isConstructor="false" isStatic="false" isGetter="true" isSetter="false">
              <MetadataToken>100663315</MetadataToken>
              <Name>System.Guid MazeV.Maze_Logic.BaseUnit::get_Id()</Name>
              <FileRef uid="11" />
              <SequencePoints />
              <BranchPoints />
            </Method>
            <Method skippedDueTo="AutoImplementedProperty" visited="false" cyclomaticComplexity="1" nPathComplexity="0" sequenceCoverage="0" branchCoverage="0" crapScore="0" isConstructor="false" isStatic="false" isGetter="false" isSetter="true">
              <MetadataToken>100663316</MetadataToken>
              <Name>System.Void MazeV.Maze_Logic.BaseUnit::set_Id(System.Guid)</Name>
              <FileRef uid="11" />
              <SequencePoints />
              <BranchPoints />
            </Method>
            <Method skippedDueTo="AutoImplementedProperty" visited="false" cyclomaticComplexity="1" nPathComplexity="0" sequenceCoverage="0" branchCoverage="0" crapScore="0" isConstructor="false" isStatic="false" isGetter="true" isSetter="false">
              <MetadataToken>100663317</MetadataToken>
              <Name>MazeV.Maze_Logic.Location MazeV.Maze_Logic.BaseUnit::get_CurrentLocation()</Name>
              <FileRef uid="11" />
              <SequencePoints />
              <BranchPoints />
            </Method>
            <Method skippedDueTo="AutoImplementedProperty" visited="false" cyclomaticComplexity="1" nPathComplexity="0" sequenceCoverage="0" branchCoverage="0" crapScore="0" isConstructor="false" isStatic="false" isGetter="false" isSetter="true">
              <MetadataToken>100663318</MetadataToken>
              <Name>System.Void MazeV.Maze_Logic.BaseUnit::set_CurrentLocation(MazeV.Maze_Logic.Location)</Name>
              <FileRef uid="11" />
              <SequencePoints />
              <BranchPoints />
            </Method>
            <Method skippedDueTo="AutoImplementedProperty" visited="false" cyclomaticComplexity="1" nPathComplexity="0" sequenceCoverage="0" branchCoverage="0" crapScore="0" isConstructor="false" isStatic="false" isGetter="true" isSetter="false">
              <MetadataToken>100663319</MetadataToken>
              <Name>MazeV.Maze_Logic.Location MazeV.Maze_Logic.BaseUnit::get_PreviousLocation()</Name>
              <FileRef uid="11" />
              <SequencePoints />
              <BranchPoints />
            </Method>
            <Method skippedDueTo="AutoImplementedProperty" visited="false" cyclomaticComplexity="1" nPathComplexity="0" sequenceCoverage="0" branchCoverage="0" crapScore="0" isConstructor="false" isStatic="false" isGetter="false" isSetter="true">
              <MetadataToken>100663320</MetadataToken>
              <Name>System.Void MazeV.Maze_Logic.BaseUnit::set_PreviousLocation(MazeV.Maze_Logic.Location)</Name>
              <FileRef uid="11" />
              <SequencePoints />
              <BranchPoints />
            </Method>
            <Method skippedDueTo="AutoImplementedProperty" visited="false" cyclomaticComplexity="1" nPathComplexity="0" sequenceCoverage="0" branchCoverage="0" crapScore="0" isConstructor="false" isStatic="false" isGetter="true" isSetter="false">
              <MetadataToken>100663321</MetadataToken>
              <Name>MazeV.Maze_Logic.Direction MazeV.Maze_Logic.BaseUnit::get_CurrentMovementDirection()</Name>
              <FileRef uid="11" />
              <SequencePoints />
              <BranchPoints />
            </Method>
            <Method skippedDueTo="AutoImplementedProperty" visited="false" cyclomaticComplexity="1" nPathComplexity="0" sequenceCoverage="0" branchCoverage="0" crapScore="0" isConstructor="false" isStatic="false" isGetter="false" isSetter="true">
              <MetadataToken>100663322</MetadataToken>
              <Name>System.Void MazeV.Maze_Logic.BaseUnit::set_CurrentMovementDirection(MazeV.Maze_Logic.Direction)</Name>
              <FileRef uid="11" />
              <SequencePoints />
              <BranchPoints />
            </Method>
            <Method skippedDueTo="AutoImplementedProperty" visited="false" cyclomaticComplexity="1" nPathComplexity="0" sequenceCoverage="0" branchCoverage="0" crapScore="0" isConstructor="false" isStatic="false" isGetter="true" isSetter="false">
              <MetadataToken>100663323</MetadataToken>
              <Name>MazeV.Maze_Logic.Direction MazeV.Maze_Logic.BaseUnit::get_FutureMovementDirection()</Name>
              <FileRef uid="11" />
              <SequencePoints />
              <BranchPoints />
            </Method>
            <Method skippedDueTo="AutoImplementedProperty" visited="false" cyclomaticComplexity="1" nPathComplexity="0" sequenceCoverage="0" branchCoverage="0" crapScore="0" isConstructor="false" isStatic="false" isGetter="false" isSetter="true">
              <MetadataToken>100663324</MetadataToken>
              <Name>System.Void MazeV.Maze_Logic.BaseUnit::set_FutureMovementDirection(MazeV.Maze_Logic.Direction)</Name>
              <FileRef uid="11" />
              <SequencePoints />
              <BranchPoints />
            </Method>
            <Method visited="true" cyclomaticComplexity="1" nPathComplexity="0" sequenceCoverage="100" branchCoverage="100" crapScore="1" isConstructor="false" isStatic="false" isGetter="false" isSetter="false">
              <Summary numSequencePoints="4" visitedSequencePoints="4" numBranchPoints="1" visitedBranchPoints="1" sequenceCoverage="100" branchCoverage="100" maxCyclomaticComplexity="1" minCyclomaticComplexity="1" maxCrapScore="1" minCrapScore="1" visitedClasses="0" numClasses="0" visitedMethods="1" numMethods="1" />
              <MetadataToken>100663325</MetadataToken>
              <Name>System.Void MazeV.Maze_Logic.BaseUnit::AssignLocation(MazeV.Maze_Logic.Location)</Name>
              <FileRef uid="11" />
              <SequencePoints>
                <SequencePoint vc="1" uspid="145" ordinal="0" offset="0" sl="19" sc="9" el="19" ec="10" bec="0" bev="0" fileid="11">
                  <TrackedMethodRefs>
                    <TrackedMethodRef uid="3" vc="1" />
                  </TrackedMethodRefs>
                </SequencePoint>
                <SequencePoint vc="1" uspid="146" ordinal="1" offset="1" sl="20" sc="13" el="20" ec="58" bec="0" bev="0" fileid="11">
                  <TrackedMethodRefs>
                    <TrackedMethodRef uid="3" vc="1" />
                  </TrackedMethodRefs>
                </SequencePoint>
                <SequencePoint vc="1" uspid="147" ordinal="2" offset="19" sl="21" sc="13" el="21" ec="50" bec="0" bev="0" fileid="11">
                  <TrackedMethodRefs>
                    <TrackedMethodRef uid="3" vc="1" />
                  </TrackedMethodRefs>
                </SequencePoint>
                <SequencePoint vc="1" uspid="148" ordinal="3" offset="32" sl="22" sc="9" el="22" ec="10" bec="0" bev="0" fileid="11">
                  <TrackedMethodRefs>
                    <TrackedMethodRef uid="3" vc="1" />
                  </TrackedMethodRefs>
                </SequencePoint>
              </SequencePoints>
              <BranchPoints />
              <MethodPoint xsi:type="SequencePoint" vc="1" uspid="145" ordinal="0" offset="0" sl="19" sc="9" el="19" ec="10" bec="0" bev="0" fileid="11">
                <TrackedMethodRefs>
                  <TrackedMethodRef uid="3" vc="1" />
                </TrackedMethodRefs>
              </MethodPoint>
            </Method>
            <Method visited="true" cyclomaticComplexity="1" nPathComplexity="0" sequenceCoverage="100" branchCoverage="100" crapScore="1" isConstructor="true" isStatic="false" isGetter="false" isSetter="false">
              <Summary numSequencePoints="6" visitedSequencePoints="6" numBranchPoints="1" visitedBranchPoints="1" sequenceCoverage="100" branchCoverage="100" maxCyclomaticComplexity="1" minCyclomaticComplexity="1" maxCrapScore="1" minCrapScore="1" visitedClasses="0" numClasses="0" visitedMethods="1" numMethods="1" />
              <MetadataToken>100663326</MetadataToken>
              <Name>System.Void MazeV.Maze_Logic.BaseUnit::.ctor()</Name>
              <FileRef uid="11" />
              <SequencePoints>
                <SequencePoint vc="1" uspid="149" ordinal="0" offset="0" sl="24" sc="9" el="24" ec="26" bec="0" bev="0" fileid="11">
                  <TrackedMethodRefs>
                    <TrackedMethodRef uid="3" vc="1" />
                  </TrackedMethodRefs>
                </SequencePoint>
                <SequencePoint vc="1" uspid="150" ordinal="1" offset="7" sl="25" sc="9" el="25" ec="10" bec="0" bev="0" fileid="11">
                  <TrackedMethodRefs>
                    <TrackedMethodRef uid="3" vc="1" />
                  </TrackedMethodRefs>
                </SequencePoint>
                <SequencePoint vc="1" uspid="151" ordinal="2" offset="8" sl="26" sc="13" el="26" ec="33" bec="0" bev="0" fileid="11">
                  <TrackedMethodRefs>
                    <TrackedMethodRef uid="3" vc="1" />
                  </TrackedMethodRefs>
                </SequencePoint>
                <SequencePoint vc="1" uspid="152" ordinal="3" offset="20" sl="27" sc="13" el="27" ec="46" bec="0" bev="0" fileid="11">
                  <TrackedMethodRefs>
                    <TrackedMethodRef uid="3" vc="1" />
                  </TrackedMethodRefs>
                </SequencePoint>
                <SequencePoint vc="1" uspid="153" ordinal="4" offset="32" sl="28" sc="13" el="28" ec="47" bec="0" bev="0" fileid="11">
                  <TrackedMethodRefs>
                    <TrackedMethodRef uid="3" vc="1" />
                  </TrackedMethodRefs>
                </SequencePoint>
                <SequencePoint vc="1" uspid="154" ordinal="5" offset="44" sl="29" sc="9" el="29" ec="10" bec="0" bev="0" fileid="11">
                  <TrackedMethodRefs>
                    <TrackedMethodRef uid="3" vc="1" />
                  </TrackedMethodRefs>
                </SequencePoint>
              </SequencePoints>
              <BranchPoints />
              <MethodPoint xsi:type="SequencePoint" vc="1" uspid="149" ordinal="0" offset="0" sl="24" sc="9" el="24" ec="26" bec="0" bev="0" fileid="11">
                <TrackedMethodRefs>
                  <TrackedMethodRef uid="3" vc="1" />
                </TrackedMethodRefs>
              </MethodPoint>
            </Method>
          </Methods>
        </Class>
        <Class>
          <Summary numSequencePoints="62" visitedSequencePoints="0" numBranchPoints="21" visitedBranchPoints="0" sequenceCoverage="0" branchCoverage="0" maxCyclomaticComplexity="7" minCyclomaticComplexity="1" maxCrapScore="56" minCrapScore="2" visitedClasses="0" numClasses="1" visitedMethods="0" numMethods="3" />
          <FullName>MazeV.Maze_Logic.CanvasVisualizer</FullName>
          <Methods>
            <Method visited="false" cyclomaticComplexity="1" nPathComplexity="0" sequenceCoverage="0" branchCoverage="0" crapScore="2" isConstructor="true" isStatic="false" isGetter="false" isSetter="false">
              <Summary numSequencePoints="10" visitedSequencePoints="0" numBranchPoints="1" visitedBranchPoints="0" sequenceCoverage="0" branchCoverage="0" maxCyclomaticComplexity="1" minCyclomaticComplexity="1" maxCrapScore="2" minCrapScore="2" visitedClasses="0" numClasses="0" visitedMethods="0" numMethods="1" />
              <MetadataToken>100663327</MetadataToken>
              <Name>System.Void MazeV.Maze_Logic.CanvasVisualizer::.ctor(System.Drawing.Graphics)</Name>
              <FileRef uid="12" />
              <SequencePoints>
                <SequencePoint vc="0" uspid="155" ordinal="0" offset="0" sl="15" sc="9" el="15" ec="45" bec="0" bev="0" fileid="12" />
                <SequencePoint vc="0" uspid="156" ordinal="1" offset="8" sl="16" sc="9" el="16" ec="55" bec="0" bev="0" fileid="12" />
                <SequencePoint vc="0" uspid="157" ordinal="2" offset="16" sl="17" sc="9" el="17" ec="51" bec="0" bev="0" fileid="12" />
                <SequencePoint vc="0" uspid="158" ordinal="3" offset="23" sl="18" sc="9" el="18" ec="61" bec="0" bev="0" fileid="12" />
                <SequencePoint vc="0" uspid="159" ordinal="4" offset="30" sl="19" sc="9" el="19" ec="45" bec="0" bev="0" fileid="12" />
                <SequencePoint vc="0" uspid="160" ordinal="5" offset="38" sl="20" sc="9" el="20" ec="55" bec="0" bev="0" fileid="12" />
                <SequencePoint vc="0" uspid="161" ordinal="6" offset="45" sl="22" sc="9" el="22" ec="50" bec="0" bev="0" fileid="12" />
                <SequencePoint vc="0" uspid="162" ordinal="7" offset="52" sl="23" sc="9" el="23" ec="10" bec="0" bev="0" fileid="12" />
                <SequencePoint vc="0" uspid="163" ordinal="8" offset="53" sl="24" sc="13" el="24" ec="32" bec="0" bev="0" fileid="12" />
                <SequencePoint vc="0" uspid="164" ordinal="9" offset="60" sl="25" sc="9" el="25" ec="10" bec="0" bev="0" fileid="12" />
              </SequencePoints>
              <BranchPoints />
              <MethodPoint xsi:type="SequencePoint" vc="0" uspid="155" ordinal="0" offset="0" sl="15" sc="9" el="15" ec="45" bec="0" bev="0" fileid="12" />
            </Method>
            <Method visited="false" cyclomaticComplexity="7" nPathComplexity="64" sequenceCoverage="0" branchCoverage="0" crapScore="56" isConstructor="false" isStatic="false" isGetter="false" isSetter="false">
              <Summary numSequencePoints="33" visitedSequencePoints="0" numBranchPoints="13" visitedBranchPoints="0" sequenceCoverage="0" branchCoverage="0" maxCyclomaticComplexity="7" minCyclomaticComplexity="7" maxCrapScore="56" minCrapScore="56" visitedClasses="0" numClasses="0" visitedMethods="0" numMethods="1" />
              <MetadataToken>100663328</MetadataToken>
              <Name>System.Void MazeV.Maze_Logic.CanvasVisualizer::DrawNode(System.Int32,System.Int32,MazeV.Maze_Logic.Node,System.Drawing.Graphics,MazeV.Maze_Logic.MazeView,MazeV.Maze_Logic.UnitList)</Name>
              <FileRef uid="12" />
              <SequencePoints>
                <SequencePoint vc="0" uspid="165" ordinal="0" offset="0" sl="28" sc="9" el="28" ec="10" bec="0" bev="0" fileid="12" />
                <SequencePoint vc="0" uspid="166" ordinal="1" offset="1" sl="29" sc="13" el="29" ec="43" bec="0" bev="0" fileid="12" />
                <SequencePoint vc="0" uspid="167" ordinal="2" offset="12" sl="31" sc="13" el="31" ec="57" bec="0" bev="0" fileid="12" />
                <SequencePoint vc="0" uspid="168" ordinal="3" offset="22" sl="33" sc="13" el="33" ec="57" bec="0" bev="0" fileid="12" />
                <SequencePoint vc="0" uspid="169" ordinal="4" offset="33" sl="34" sc="13" el="34" ec="57" bec="0" bev="0" fileid="12" />
                <SequencePoint vc="0" uspid="170" ordinal="5" offset="44" sl="36" sc="13" el="36" ec="43" bec="2" bev="0" fileid="12" />
                <SequencePoint vc="0" uspid="171" ordinal="6" offset="59" sl="37" sc="13" el="37" ec="14" bec="0" bev="0" fileid="12" />
                <SequencePoint vc="0" uspid="172" ordinal="7" offset="60" sl="38" sc="17" el="38" ec="148" bec="0" bev="0" fileid="12" />
                <SequencePoint vc="0" uspid="173" ordinal="8" offset="95" sl="39" sc="17" el="39" ec="56" bec="0" bev="0" fileid="12" />
                <SequencePoint vc="0" uspid="174" ordinal="9" offset="110" sl="40" sc="13" el="40" ec="14" bec="0" bev="0" fileid="12" />
                <SequencePoint vc="0" uspid="175" ordinal="10" offset="111" sl="42" sc="13" el="42" ec="50" bec="0" bev="0" fileid="12" />
                <SequencePoint vc="0" uspid="176" ordinal="11" offset="120" sl="44" sc="13" el="44" ec="57" bec="2" bev="0" fileid="12" />
                <SequencePoint vc="0" uspid="177" ordinal="12" offset="144" sl="45" sc="13" el="45" ec="14" bec="0" bev="0" fileid="12" />
                <SequencePoint vc="0" uspid="178" ordinal="13" offset="145" sl="46" sc="17" el="46" ec="120" bec="0" bev="0" fileid="12" />
                <SequencePoint vc="0" uspid="179" ordinal="14" offset="180" sl="47" sc="17" el="47" ec="57" bec="0" bev="0" fileid="12" />
                <SequencePoint vc="0" uspid="180" ordinal="15" offset="195" sl="48" sc="13" el="48" ec="14" bec="0" bev="0" fileid="12" />
                <SequencePoint vc="0" uspid="181" ordinal="16" offset="196" sl="50" sc="13" el="50" ec="89" bec="0" bev="0" fileid="12" />
                <SequencePoint vc="0" uspid="182" ordinal="17" offset="219" sl="51" sc="13" el="51" ec="90" bec="0" bev="0" fileid="12" />
                <SequencePoint vc="0" uspid="183" ordinal="18" offset="242" sl="52" sc="13" el="52" ec="92" bec="0" bev="0" fileid="12" />
                <SequencePoint vc="0" uspid="184" ordinal="19" offset="265" sl="53" sc="13" el="53" ec="93" bec="0" bev="0" fileid="12" />
                <SequencePoint vc="0" uspid="185" ordinal="20" offset="288" sl="55" sc="13" el="55" ec="72" bec="0" bev="0" fileid="12" />
                <SequencePoint vc="0" uspid="186" ordinal="21" offset="299" sl="56" sc="13" el="56" ec="74" bec="0" bev="0" fileid="12" />
                <SequencePoint vc="0" uspid="187" ordinal="22" offset="310" sl="57" sc="13" el="57" ec="74" bec="0" bev="0" fileid="12" />
                <SequencePoint vc="0" uspid="188" ordinal="23" offset="321" sl="58" sc="13" el="58" ec="69" bec="0" bev="0" fileid="12" />
                <SequencePoint vc="0" uspid="189" ordinal="24" offset="332" sl="60" sc="13" el="60" ec="63" bec="2" bev="0" fileid="12" />
                <SequencePoint vc="0" uspid="190" ordinal="25" offset="349" sl="61" sc="17" el="61" ec="57" bec="0" bev="0" fileid="12" />
                <SequencePoint vc="0" uspid="191" ordinal="26" offset="362" sl="63" sc="13" el="63" ec="65" bec="2" bev="0" fileid="12" />
                <SequencePoint vc="0" uspid="192" ordinal="27" offset="379" sl="64" sc="17" el="64" ec="61" bec="0" bev="0" fileid="12" />
                <SequencePoint vc="0" uspid="193" ordinal="28" offset="392" sl="66" sc="13" el="66" ec="66" bec="2" bev="0" fileid="12" />
                <SequencePoint vc="0" uspid="194" ordinal="29" offset="409" sl="67" sc="17" el="67" ec="63" bec="0" bev="0" fileid="12" />
                <SequencePoint vc="0" uspid="195" ordinal="30" offset="422" sl="69" sc="13" el="69" ec="64" bec="2" bev="0" fileid="12" />
                <SequencePoint vc="0" uspid="196" ordinal="31" offset="439" sl="70" sc="17" el="70" ec="59" bec="0" bev="0" fileid="12" />
                <SequencePoint vc="0" uspid="197" ordinal="32" offset="452" sl="71" sc="9" el="71" ec="10" bec="0" bev="0" fileid="12" />
              </SequencePoints>
              <BranchPoints>
                <BranchPoint vc="0" uspid="198" ordinal="0" offset="57" sl="36" path="0" offsetend="59" fileid="12" />
                <BranchPoint vc="0" uspid="199" ordinal="1" offset="57" sl="36" path="1" offsetend="111" fileid="12" />
                <BranchPoint vc="0" uspid="200" ordinal="2" offset="142" sl="44" path="0" offsetend="144" fileid="12" />
                <BranchPoint vc="0" uspid="201" ordinal="3" offset="142" sl="44" path="1" offsetend="196" fileid="12" />
                <BranchPoint vc="0" uspid="202" ordinal="4" offset="347" sl="60" path="0" offsetend="349" fileid="12" />
                <BranchPoint vc="0" uspid="203" ordinal="5" offset="347" sl="60" path="1" offsetend="362" fileid="12" />
                <BranchPoint vc="0" uspid="204" ordinal="6" offset="377" sl="63" path="0" offsetend="379" fileid="12" />
                <BranchPoint vc="0" uspid="205" ordinal="7" offset="377" sl="63" path="1" offsetend="392" fileid="12" />
                <BranchPoint vc="0" uspid="206" ordinal="8" offset="407" sl="66" path="0" offsetend="409" fileid="12" />
                <BranchPoint vc="0" uspid="207" ordinal="9" offset="407" sl="66" path="1" offsetend="422" fileid="12" />
                <BranchPoint vc="0" uspid="208" ordinal="10" offset="437" sl="69" path="0" offsetend="439" fileid="12" />
                <BranchPoint vc="0" uspid="209" ordinal="11" offset="437" sl="69" path="1" offsetend="452" fileid="12" />
              </BranchPoints>
              <MethodPoint xsi:type="SequencePoint" vc="0" uspid="165" ordinal="0" offset="0" sl="28" sc="9" el="28" ec="10" bec="0" bev="0" fileid="12" />
            </Method>
            <Method visited="false" cyclomaticComplexity="4" nPathComplexity="8" sequenceCoverage="0" branchCoverage="0" crapScore="20" isConstructor="false" isStatic="false" isGetter="false" isSetter="false">
              <Summary numSequencePoints="19" visitedSequencePoints="0" numBranchPoints="7" visitedBranchPoints="0" sequenceCoverage="0" branchCoverage="0" maxCyclomaticComplexity="4" minCyclomaticComplexity="4" maxCrapScore="20" minCrapScore="20" visitedClasses="0" numClasses="0" visitedMethods="0" numMethods="1" />
              <MetadataToken>100663329</MetadataToken>
              <Name>System.Void MazeV.Maze_Logic.CanvasVisualizer::Draw(MazeV.Maze_Logic.MazeView,MazeV.Maze_Logic.UnitList)</Name>
              <FileRef uid="12" />
              <SequencePoints>
                <SequencePoint vc="0" uspid="210" ordinal="0" offset="0" sl="74" sc="9" el="74" ec="10" bec="0" bev="0" fileid="12" />
                <SequencePoint vc="0" uspid="211" ordinal="1" offset="1" sl="75" sc="13" el="75" ec="34" bec="2" bev="0" fileid="12" />
                <SequencePoint vc="0" uspid="212" ordinal="2" offset="14" sl="76" sc="17" el="76" ec="67" bec="0" bev="0" fileid="12" />
                <SequencePoint vc="0" uspid="213" ordinal="3" offset="25" sl="78" sc="13" el="78" ec="41" bec="0" bev="0" fileid="12" />
                <SequencePoint vc="0" uspid="214" ordinal="4" offset="42" sl="80" sc="13" el="80" ec="27" bec="0" bev="0" fileid="12" />
                <SequencePoint vc="0" uspid="215" ordinal="5" offset="44" sl="82" sc="18" el="82" ec="44" bec="0" bev="0" fileid="12" />
                <SequencePoint vc="0" uspid="216" ordinal="6" offset="53" sl="83" sc="13" el="83" ec="14" bec="0" bev="0" fileid="12" />
                <SequencePoint vc="0" uspid="217" ordinal="7" offset="54" sl="84" sc="22" el="84" ec="48" bec="0" bev="0" fileid="12" />
                <SequencePoint vc="0" uspid="218" ordinal="8" offset="63" sl="85" sc="17" el="85" ec="18" bec="0" bev="0" fileid="12" />
                <SequencePoint vc="0" uspid="219" ordinal="9" offset="64" sl="86" sc="21" el="86" ec="49" bec="0" bev="0" fileid="12" />
                <SequencePoint vc="0" uspid="220" ordinal="10" offset="73" sl="87" sc="21" el="87" ec="70" bec="0" bev="0" fileid="12" />
                <SequencePoint vc="0" uspid="221" ordinal="11" offset="92" sl="88" sc="21" el="88" ec="29" bec="0" bev="0" fileid="12" />
                <SequencePoint vc="0" uspid="222" ordinal="12" offset="96" sl="89" sc="17" el="89" ec="18" bec="0" bev="0" fileid="12" />
                <SequencePoint vc="0" uspid="223" ordinal="13" offset="97" sl="84" sc="73" el="84" ec="76" bec="0" bev="0" fileid="12" />
                <SequencePoint vc="0" uspid="224" ordinal="14" offset="101" sl="84" sc="50" el="84" ec="71" bec="2" bev="0" fileid="12" />
                <SequencePoint vc="0" uspid="225" ordinal="15" offset="119" sl="90" sc="13" el="90" ec="14" bec="0" bev="0" fileid="12" />
                <SequencePoint vc="0" uspid="226" ordinal="16" offset="120" sl="82" sc="69" el="82" ec="72" bec="0" bev="0" fileid="12" />
                <SequencePoint vc="0" uspid="227" ordinal="17" offset="124" sl="82" sc="46" el="82" ec="67" bec="2" bev="0" fileid="12" />
                <SequencePoint vc="0" uspid="228" ordinal="18" offset="142" sl="91" sc="9" el="91" ec="10" bec="0" bev="0" fileid="12" />
              </SequencePoints>
              <BranchPoints>
                <BranchPoint vc="0" uspid="229" ordinal="0" offset="12" sl="75" path="0" offsetend="14" fileid="12" />
                <BranchPoint vc="0" uspid="230" ordinal="1" offset="12" sl="75" path="1" offsetend="25" fileid="12" />
                <BranchPoint vc="0" uspid="231" ordinal="2" offset="117" sl="84" path="0" offsetend="119" fileid="12" />
                <BranchPoint vc="0" uspid="232" ordinal="3" offset="117" sl="84" path="1" offsetend="63" fileid="12" />
                <BranchPoint vc="0" uspid="233" ordinal="4" offset="140" sl="82" path="0" offsetend="142" fileid="12" />
                <BranchPoint vc="0" uspid="234" ordinal="5" offset="140" sl="82" path="1" offsetend="53" fileid="12" />
              </BranchPoints>
              <MethodPoint xsi:type="SequencePoint" vc="0" uspid="210" ordinal="0" offset="0" sl="74" sc="9" el="74" ec="10" bec="0" bev="0" fileid="12" />
            </Method>
          </Methods>
        </Class>
        <Class>
          <Summary numSequencePoints="50" visitedSequencePoints="0" numBranchPoints="15" visitedBranchPoints="0" sequenceCoverage="0" branchCoverage="0" maxCyclomaticComplexity="9" minCyclomaticComplexity="1" maxCrapScore="90" minCrapScore="2" visitedClasses="0" numClasses="1" visitedMethods="0" numMethods="3" />
          <FullName>MazeV.Maze_Logic.ConsoleVisualizer</FullName>
          <Methods>
            <Method visited="false" cyclomaticComplexity="1" nPathComplexity="0" sequenceCoverage="0" branchCoverage="0" crapScore="2" isConstructor="false" isStatic="false" isGetter="false" isSetter="false">
              <Summary numSequencePoints="3" visitedSequencePoints="0" numBranchPoints="1" visitedBranchPoints="0" sequenceCoverage="0" branchCoverage="0" maxCyclomaticComplexity="1" minCyclomaticComplexity="1" maxCrapScore="2" minCrapScore="2" visitedClasses="0" numClasses="0" visitedMethods="0" numMethods="1" />
              <MetadataToken>100663330</MetadataToken>
              <Name>System.Boolean MazeV.Maze_Logic.ConsoleVisualizer::ShouldDrawHorizontalPath(MazeV.Maze_Logic.Node,MazeV.Maze_Logic.Node)</Name>
              <FileRef uid="13" />
              <SequencePoints>
                <SequencePoint vc="0" uspid="235" ordinal="0" offset="0" sl="20" sc="9" el="20" ec="10" bec="0" bev="0" fileid="13" />
                <SequencePoint vc="0" uspid="236" ordinal="1" offset="1" sl="21" sc="13" el="21" ec="65" bec="0" bev="0" fileid="13" />
                <SequencePoint vc="0" uspid="237" ordinal="2" offset="11" sl="22" sc="9" el="22" ec="10" bec="0" bev="0" fileid="13" />
              </SequencePoints>
              <BranchPoints />
              <MethodPoint xsi:type="SequencePoint" vc="0" uspid="235" ordinal="0" offset="0" sl="20" sc="9" el="20" ec="10" bec="0" bev="0" fileid="13" />
            </Method>
            <Method visited="false" cyclomaticComplexity="1" nPathComplexity="0" sequenceCoverage="0" branchCoverage="0" crapScore="2" isConstructor="false" isStatic="false" isGetter="false" isSetter="false">
              <Summary numSequencePoints="3" visitedSequencePoints="0" numBranchPoints="1" visitedBranchPoints="0" sequenceCoverage="0" branchCoverage="0" maxCyclomaticComplexity="1" minCyclomaticComplexity="1" maxCrapScore="2" minCrapScore="2" visitedClasses="0" numClasses="0" visitedMethods="0" numMethods="1" />
              <MetadataToken>100663331</MetadataToken>
              <Name>System.Boolean MazeV.Maze_Logic.ConsoleVisualizer::ShouldDrawVerticalPath(MazeV.Maze_Logic.Node,MazeV.Maze_Logic.Node)</Name>
              <FileRef uid="13" />
              <SequencePoints>
                <SequencePoint vc="0" uspid="238" ordinal="0" offset="0" sl="30" sc="9" el="30" ec="10" bec="0" bev="0" fileid="13" />
                <SequencePoint vc="0" uspid="239" ordinal="1" offset="1" sl="31" sc="13" el="31" ec="67" bec="0" bev="0" fileid="13" />
                <SequencePoint vc="0" uspid="240" ordinal="2" offset="11" sl="32" sc="9" el="32" ec="10" bec="0" bev="0" fileid="13" />
              </SequencePoints>
              <BranchPoints />
              <MethodPoint xsi:type="SequencePoint" vc="0" uspid="238" ordinal="0" offset="0" sl="30" sc="9" el="30" ec="10" bec="0" bev="0" fileid="13" />
            </Method>
            <Method visited="false" cyclomaticComplexity="9" nPathComplexity="64" sequenceCoverage="0" branchCoverage="0" crapScore="90" isConstructor="false" isStatic="false" isGetter="false" isSetter="false">
              <Summary numSequencePoints="44" visitedSequencePoints="0" numBranchPoints="13" visitedBranchPoints="0" sequenceCoverage="0" branchCoverage="0" maxCyclomaticComplexity="9" minCyclomaticComplexity="9" maxCrapScore="90" minCrapScore="90" visitedClasses="0" numClasses="0" visitedMethods="0" numMethods="1" />
              <MetadataToken>100663332</MetadataToken>
              <Name>System.Void MazeV.Maze_Logic.ConsoleVisualizer::Draw(MazeV.Maze_Logic.MazeView,MazeV.Maze_Logic.UnitList)</Name>
              <FileRef uid="13" />
              <SequencePoints>
                <SequencePoint vc="0" uspid="241" ordinal="0" offset="0" sl="35" sc="9" el="35" ec="10" bec="0" bev="0" fileid="13" />
                <SequencePoint vc="0" uspid="242" ordinal="1" offset="1" sl="36" sc="13" el="36" ec="29" bec="0" bev="0" fileid="13" />
[...]
              <BranchPoints />
            </Method>
            <Method skippedDueTo="AutoImplementedProperty" visited="false" cyclomaticComplexity="1" nPathComplexity="0" sequenceCoverage="0" branchCoverage="0" crapScore="0" isConstructor="false" isStatic="false" isGetter="false" isSetter="true">
              <MetadataToken>100663476</MetadataToken>
              <Name>System.Void MazeV.Maze_Logic.MazeView::set_LeftRightRotationAxis(MazeV.Maze_Logic.Axis)</Name>
              <FileRef uid="35" />
              <SequencePoints />
              <BranchPoints />
            </Method>
            <Method skippedDueTo="AutoImplementedProperty" visited="false" cyclomaticComplexity="1" nPathComplexity="0" sequenceCoverage="0" branchCoverage="0" crapScore="0" isConstructor="false" isStatic="false" isGetter="true" isSetter="false">
              <MetadataToken>100663477</MetadataToken>
              <Name>System.Collections.Generic.List`1&lt;MazeV.Maze_Logic.Location&gt; MazeV.Maze_Logic.MazeView::get_MovementCube()</Name>
              <FileRef uid="35" />
              <SequencePoints />
              <BranchPoints />
            </Method>
            <Method skippedDueTo="AutoImplementedProperty" visited="false" cyclomaticComplexity="1" nPathComplexity="0" sequenceCoverage="0" branchCoverage="0" crapScore="0" isConstructor="false" isStatic="false" isGetter="false" isSetter="true">
              <MetadataToken>100663478</MetadataToken>
              <Name>System.Void MazeV.Maze_Logic.MazeView::set_MovementCube(System.Collections.Generic.List`1&lt;MazeV.Maze_Logic.Location&gt;)</Name>
              <FileRef uid="35" />
              <SequencePoints />
              <BranchPoints />
            </Method>
            <Method visited="true" cyclomaticComplexity="1" nPathComplexity="0" sequenceCoverage="100" branchCoverage="100" crapScore="1" isConstructor="true" isStatic="false" isGetter="false" isSetter="false">
              <Summary numSequencePoints="10" visitedSequencePoints="10" numBranchPoints="1" visitedBranchPoints="1" sequenceCoverage="100" branchCoverage="100" maxCyclomaticComplexity="1" minCyclomaticComplexity="1" maxCrapScore="1" minCrapScore="1" visitedClasses="0" numClasses="0" visitedMethods="1" numMethods="1" />
              <MetadataToken>100663479</MetadataToken>
              <Name>System.Void MazeV.Maze_Logic.MazeView::.ctor(System.Int32,System.Int32,System.Int32,System.Collections.Generic.Dictionary`2&lt;MazeV.Maze_Logic.Location,MazeV.Maze_Logic.Node&gt;)</Name>
              <FileRef uid="35" />
              <SequencePoints>
                <SequencePoint vc="1" uspid="1004" ordinal="0" offset="0" sl="19" sc="9" el="19" ec="96" bec="0" bev="0" fileid="35">
                  <TrackedMethodRefs>
                    <TrackedMethodRef uid="3" vc="1" />
                  </TrackedMethodRefs>
                </SequencePoint>
                <SequencePoint vc="1" uspid="1005" ordinal="1" offset="7" sl="20" sc="9" el="20" ec="10" bec="0" bev="0" fileid="35">
                  <TrackedMethodRefs>
                    <TrackedMethodRef uid="3" vc="1" />
                  </TrackedMethodRefs>
                </SequencePoint>
                <SequencePoint vc="1" uspid="1006" ordinal="2" offset="8" sl="21" sc="13" el="21" ec="29" bec="0" bev="0" fileid="35">
                  <TrackedMethodRefs>
                    <TrackedMethodRef uid="3" vc="1" />
                  </TrackedMethodRefs>
                </SequencePoint>
                <SequencePoint vc="1" uspid="1007" ordinal="3" offset="16" sl="22" sc="13" el="22" ec="27" bec="0" bev="0" fileid="35">
                  <TrackedMethodRefs>
                    <TrackedMethodRef uid="3" vc="1" />
                  </TrackedMethodRefs>
                </SequencePoint>
                <SequencePoint vc="1" uspid="1008" ordinal="4" offset="24" sl="23" sc="13" el="23" ec="31" bec="0" bev="0" fileid="35">
                  <TrackedMethodRefs>
                    <TrackedMethodRef uid="3" vc="1" />
                  </TrackedMethodRefs>
                </SequencePoint>
                <SequencePoint vc="1" uspid="1009" ordinal="5" offset="32" sl="25" sc="13" el="25" ec="45" bec="0" bev="0" fileid="35">
                  <TrackedMethodRefs>
                    <TrackedMethodRef uid="3" vc="1" />
                  </TrackedMethodRefs>
                </SequencePoint>
                <SequencePoint vc="1" uspid="1010" ordinal="6" offset="40" sl="26" sc="13" el="26" ec="48" bec="0" bev="0" fileid="35">
                  <TrackedMethodRefs>
                    <TrackedMethodRef uid="3" vc="1" />
                  </TrackedMethodRefs>
                </SequencePoint>
                <SequencePoint vc="1" uspid="1011" ordinal="7" offset="48" sl="28" sc="13" el="28" ec="50" bec="0" bev="0" fileid="35">
                  <TrackedMethodRefs>
                    <TrackedMethodRef uid="3" vc="1" />
                  </TrackedMethodRefs>
                </SequencePoint>
                <SequencePoint vc="1" uspid="1012" ordinal="8" offset="58" sl="29" sc="13" el="29" ec="38" bec="0" bev="0" fileid="35">
                  <TrackedMethodRefs>
                    <TrackedMethodRef uid="3" vc="1" />
                  </TrackedMethodRefs>
                </SequencePoint>
                <SequencePoint vc="1" uspid="1013" ordinal="9" offset="65" sl="30" sc="9" el="30" ec="10" bec="0" bev="0" fileid="35">
                  <TrackedMethodRefs>
                    <TrackedMethodRef uid="3" vc="1" />
                  </TrackedMethodRefs>
                </SequencePoint>
              </SequencePoints>
              <BranchPoints />
              <MethodPoint xsi:type="SequencePoint" vc="1" uspid="1004" ordinal="0" offset="0" sl="19" sc="9" el="19" ec="96" bec="0" bev="0" fileid="35">
                <TrackedMethodRefs>
                  <TrackedMethodRef uid="3" vc="1" />
                </TrackedMethodRefs>
              </MethodPoint>
            </Method>
            <Method visited="true" cyclomaticComplexity="1" nPathComplexity="0" sequenceCoverage="100" branchCoverage="100" crapScore="1" isConstructor="false" isStatic="false" isGetter="false" isSetter="false">
              <Summary numSequencePoints="3" visitedSequencePoints="3" numBranchPoints="1" visitedBranchPoints="1" sequenceCoverage="100" branchCoverage="100" maxCyclomaticComplexity="1" minCyclomaticComplexity="1" maxCrapScore="1" minCrapScore="1" visitedClasses="0" numClasses="0" visitedMethods="1" numMethods="1" />
              <MetadataToken>100663480</MetadataToken>
              <Name>System.Void MazeV.Maze_Logic.MazeView::InitializeMovementCube()</Name>
              <FileRef uid="35" />
              <SequencePoints>
                <SequencePoint vc="1" uspid="1014" ordinal="0" offset="0" sl="33" sc="9" el="33" ec="10" bec="0" bev="0" fileid="35">
                  <TrackedMethodRefs>
                    <TrackedMethodRef uid="3" vc="1" />
                  </TrackedMethodRefs>
                </SequencePoint>
                <SequencePoint vc="1" uspid="1015" ordinal="1" offset="1" sl="34" sc="13" el="41" ec="31" bec="0" bev="0" fileid="35">
                  <TrackedMethodRefs>
                    <TrackedMethodRef uid="3" vc="1" />
                  </TrackedMethodRefs>
                </SequencePoint>
                <SequencePoint vc="1" uspid="1016" ordinal="2" offset="247" sl="42" sc="9" el="42" ec="10" bec="0" bev="0" fileid="35">
                  <TrackedMethodRefs>
                    <TrackedMethodRef uid="3" vc="1" />
                  </TrackedMethodRefs>
                </SequencePoint>
              </SequencePoints>
              <BranchPoints />
              <MethodPoint xsi:type="SequencePoint" vc="1" uspid="1014" ordinal="0" offset="0" sl="33" sc="9" el="33" ec="10" bec="0" bev="0" fileid="35">
                <TrackedMethodRefs>
                  <TrackedMethodRef uid="3" vc="1" />
                </TrackedMethodRefs>
              </MethodPoint>
            </Method>
            <Method visited="true" cyclomaticComplexity="4" nPathComplexity="8" sequenceCoverage="100" branchCoverage="85.71" crapScore="4" isConstructor="false" isStatic="false" isGetter="false" isSetter="false">
              <Summary numSequencePoints="15" visitedSequencePoints="15" numBranchPoints="7" visitedBranchPoints="6" sequenceCoverage="100" branchCoverage="85.71" maxCyclomaticComplexity="4" minCyclomaticComplexity="4" maxCrapScore="4" minCrapScore="4" visitedClasses="0" numClasses="0" visitedMethods="1" numMethods="1" />
              <MetadataToken>100663481</MetadataToken>
              <Name>System.Void MazeV.Maze_Logic.MazeView::CreateInitialView(System.Collections.Generic.Dictionary`2&lt;MazeV.Maze_Logic.Location,MazeV.Maze_Logic.Node&gt;,System.Int32)</Name>
              <FileRef uid="35" />
              <SequencePoints>
                <SequencePoint vc="1" uspid="1017" ordinal="0" offset="0" sl="45" sc="9" el="45" ec="10" bec="0" bev="0" fileid="35">
                  <TrackedMethodRefs>
                    <TrackedMethodRef uid="3" vc="1" />
                  </TrackedMethodRefs>
                </SequencePoint>
                <SequencePoint vc="1" uspid="1018" ordinal="1" offset="1" sl="46" sc="18" el="46" ec="35" bec="0" bev="0" fileid="35">
                  <TrackedMethodRefs>
                    <TrackedMethodRef uid="3" vc="1" />
                  </TrackedMethodRefs>
                </SequencePoint>
                <SequencePoint vc="3" uspid="1019" ordinal="2" offset="10" sl="47" sc="13" el="47" ec="14" bec="0" bev="0" fileid="35">
                  <TrackedMethodRefs>
                    <TrackedMethodRef uid="3" vc="3" />
                  </TrackedMethodRefs>
                </SequencePoint>
                <SequencePoint vc="3" uspid="1020" ordinal="3" offset="11" sl="48" sc="22" el="48" ec="39" bec="0" bev="0" fileid="35">
                  <TrackedMethodRefs>
                    <TrackedMethodRef uid="3" vc="3" />
                  </TrackedMethodRefs>
                </SequencePoint>
                <SequencePoint vc="9" uspid="1021" ordinal="4" offset="20" sl="49" sc="17" el="49" ec="18" bec="0" bev="0" fileid="35">
                  <TrackedMethodRefs>
                    <TrackedMethodRef uid="3" vc="9" />
                  </TrackedMethodRefs>
                </SequencePoint>
                <SequencePoint vc="9" uspid="1022" ordinal="5" offset="21" sl="50" sc="21" el="50" ec="38" bec="0" bev="0" fileid="35">
                  <TrackedMethodRefs>
                    <TrackedMethodRef uid="3" vc="9" />
                  </TrackedMethodRefs>
                </SequencePoint>
                <SequencePoint vc="9" uspid="1023" ordinal="6" offset="23" sl="51" sc="21" el="51" ec="90" bec="2" bev="1" fileid="35">
                  <TrackedMethodRefs>
                    <TrackedMethodRef uid="3" vc="9" />
                  </TrackedMethodRefs>
                </SequencePoint>
                <SequencePoint vc="9" uspid="1024" ordinal="7" offset="46" sl="52" sc="25" el="52" ec="40" bec="0" bev="0" fileid="35">
                  <TrackedMethodRefs>
                    <TrackedMethodRef uid="3" vc="9" />
                  </TrackedMethodRefs>
                </SequencePoint>
                <SequencePoint vc="9" uspid="1025" ordinal="8" offset="54" sl="53" sc="17" el="53" ec="18" bec="0" bev="0" fileid="35">
                  <TrackedMethodRefs>
                    <TrackedMethodRef uid="3" vc="9" />
                  </TrackedMethodRefs>
                </SequencePoint>
                <SequencePoint vc="9" uspid="1026" ordinal="9" offset="55" sl="48" sc="55" el="48" ec="58" bec="0" bev="0" fileid="35">
                  <TrackedMethodRefs>
                    <TrackedMethodRef uid="3" vc="9" />
                  </TrackedMethodRefs>
                </SequencePoint>
                <SequencePoint vc="12" uspid="1027" ordinal="10" offset="59" sl="48" sc="41" el="48" ec="53" bec="2" bev="2" fileid="35">
                  <TrackedMethodRefs>
                    <TrackedMethodRef uid="3" vc="12" />
                  </TrackedMethodRefs>
                </SequencePoint>
                <SequencePoint vc="3" uspid="1028" ordinal="11" offset="77" sl="54" sc="13" el="54" ec="14" bec="0" bev="0" fileid="35">
                  <TrackedMethodRefs>
                    <TrackedMethodRef uid="3" vc="3" />
                  </TrackedMethodRefs>
                </SequencePoint>
                <SequencePoint vc="3" uspid="1029" ordinal="12" offset="78" sl="46" sc="51" el="46" ec="54" bec="0" bev="0" fileid="35">
                  <TrackedMethodRefs>
                    <TrackedMethodRef uid="3" vc="3" />
                  </TrackedMethodRefs>
                </SequencePoint>
                <SequencePoint vc="4" uspid="1030" ordinal="13" offset="82" sl="46" sc="37" el="46" ec="49" bec="2" bev="2" fileid="35">
                  <TrackedMethodRefs>
                    <TrackedMethodRef uid="3" vc="4" />
                  </TrackedMethodRefs>
                </SequencePoint>
                <SequencePoint vc="1" uspid="1031" ordinal="14" offset="100" sl="55" sc="9" el="55" ec="10" bec="0" bev="0" fileid="35">
                  <TrackedMethodRefs>
                    <TrackedMethodRef uid="3" vc="1" />
                  </TrackedMethodRefs>
                </SequencePoint>
              </SequencePoints>
              <BranchPoints>
                <BranchPoint vc="9" uspid="1032" ordinal="0" offset="44" sl="51" path="0" offsetend="46" fileid="35">
                  <TrackedMethodRefs>
                    <TrackedMethodRef uid="3" vc="9" />
                  </TrackedMethodRefs>
                </BranchPoint>
                <BranchPoint vc="0" uspid="1033" ordinal="1" offset="44" sl="51" path="1" offsetend="54" fileid="35" />
                <BranchPoint vc="3" uspid="1034" ordinal="2" offset="75" sl="48" path="0" offsetend="77" fileid="35">
                  <TrackedMethodRefs>
                    <TrackedMethodRef uid="3" vc="3" />
                  </TrackedMethodRefs>
                </BranchPoint>
                <BranchPoint vc="9" uspid="1035" ordinal="3" offset="75" sl="48" path="1" offsetend="20" fileid="35">
                  <TrackedMethodRefs>
                    <TrackedMethodRef uid="3" vc="9" />
                  </TrackedMethodRefs>
                </BranchPoint>
                <BranchPoint vc="1" uspid="1036" ordinal="4" offset="98" sl="46" path="0" offsetend="100" fileid="35">
                  <TrackedMethodRefs>
                    <TrackedMethodRef uid="3" vc="1" />
                  </TrackedMethodRefs>
                </BranchPoint>
                <BranchPoint vc="3" uspid="1037" ordinal="5" offset="98" sl="46" path="1" offsetend="10" fileid="35">
                  <TrackedMethodRefs>
                    <TrackedMethodRef uid="3" vc="3" />
                  </TrackedMethodRefs>
                </BranchPoint>
              </BranchPoints>
              <MethodPoint xsi:type="SequencePoint" vc="1" uspid="1017" ordinal="0" offset="0" sl="45" sc="9" el="45" ec="10" bec="0" bev="0" fileid="35">
                <TrackedMethodRefs>
                  <TrackedMethodRef uid="3" vc="1" />
                </TrackedMethodRefs>
              </MethodPoint>
            </Method>
            <Method visited="false" cyclomaticComplexity="2" nPathComplexity="2" sequenceCoverage="0" branchCoverage="0" crapScore="6" isConstructor="false" isStatic="false" isGetter="false" isSetter="false">
              <Summary numSequencePoints="6" visitedSequencePoints="0" numBranchPoints="3" visitedBranchPoints="0" sequenceCoverage="0" branchCoverage="0" maxCyclomaticComplexity="2" minCyclomaticComplexity="2" maxCrapScore="6" minCrapScore="6" visitedClasses="0" numClasses="0" visitedMethods="0" numMethods="1" />
              <MetadataToken>100663482</MetadataToken>
              <Name>MazeV.Maze_Logic.Node MazeV.Maze_Logic.MazeView::GetNodeAt(MazeV.Maze_Logic.Location)</Name>
              <FileRef uid="35" />
              <SequencePoints>
                <SequencePoint vc="0" uspid="1038" ordinal="0" offset="13" sl="58" sc="9" el="58" ec="10" bec="0" bev="0" fileid="35" />
                <SequencePoint vc="0" uspid="1039" ordinal="1" offset="14" sl="59" sc="13" el="59" ec="74" bec="0" bev="0" fileid="35" />
                <SequencePoint vc="0" uspid="1040" ordinal="2" offset="33" sl="61" sc="13" el="61" ec="30" bec="2" bev="0" fileid="35" />
                <SequencePoint vc="0" uspid="1041" ordinal="3" offset="41" sl="62" sc="17" el="62" ec="29" bec="0" bev="0" fileid="35" />
                <SequencePoint vc="0" uspid="1042" ordinal="4" offset="45" sl="64" sc="13" el="64" ec="25" bec="0" bev="0" fileid="35" />
                <SequencePoint vc="0" uspid="1043" ordinal="5" offset="49" sl="65" sc="9" el="65" ec="10" bec="0" bev="0" fileid="35" />
              </SequencePoints>
              <BranchPoints>
                <BranchPoint vc="0" uspid="1044" ordinal="0" offset="39" sl="61" path="0" offsetend="41" fileid="35" />
                <BranchPoint vc="0" uspid="1045" ordinal="1" offset="39" sl="61" path="1" offsetend="45" fileid="35" />
              </BranchPoints>
              <MethodPoint vc="0" uspid="1046" ordinal="0" offset="0" />
            </Method>
          </Methods>
        </Class>
        <Class>
          <Summary numSequencePoints="1" visitedSequencePoints="0" numBranchPoints="1" visitedBranchPoints="0" sequenceCoverage="0" branchCoverage="0" maxCyclomaticComplexity="1" minCyclomaticComplexity="1" maxCrapScore="2" minCrapScore="2" visitedClasses="0" numClasses="1" visitedMethods="0" numMethods="1" />
          <FullName>MazeV.Maze_Logic.MazeView/&lt;&gt;c__DisplayClass27_0</FullName>
          <Methods>
            <Method visited="false" cyclomaticComplexity="1" nPathComplexity="0" sequenceCoverage="0" branchCoverage="0" crapScore="2" isConstructor="true" isStatic="false" isGetter="false" isSetter="false">
              <Summary numSequencePoints="0" visitedSequencePoints="0" numBranchPoints="0" visitedBranchPoints="0" sequenceCoverage="0" branchCoverage="0" maxCyclomaticComplexity="1" minCyclomaticComplexity="1" maxCrapScore="2" minCrapScore="2" visitedClasses="0" numClasses="0" visitedMethods="0" numMethods="0" />
              <MetadataToken>100663505</MetadataToken>
              <Name>System.Void MazeV.Maze_Logic.MazeView/&lt;&gt;c__DisplayClass27_0::.ctor()</Name>
              <SequencePoints />
              <BranchPoints />
              <MethodPoint vc="0" uspid="1047" ordinal="0" offset="0" />
            </Method>
            <Method visited="false" cyclomaticComplexity="1" nPathComplexity="0" sequenceCoverage="0" branchCoverage="0" crapScore="2" isConstructor="false" isStatic="false" isGetter="false" isSetter="false">
              <Summary numSequencePoints="1" visitedSequencePoints="0" numBranchPoints="1" visitedBranchPoints="0" sequenceCoverage="0" branchCoverage="0" maxCyclomaticComplexity="1" minCyclomaticComplexity="1" maxCrapScore="2" minCrapScore="2" visitedClasses="0" numClasses="0" visitedMethods="0" numMethods="1" />
              <MetadataToken>100663506</MetadataToken>
              <Name>System.Boolean MazeV.Maze_Logic.MazeView/&lt;&gt;c__DisplayClass27_0::&lt;GetNodeAt&gt;b__0(MazeV.Maze_Logic.Node)</Name>
              <FileRef uid="35" />
              <SequencePoints>
                <SequencePoint vc="0" uspid="1048" ordinal="0" offset="0" sl="59" sc="50" el="59" ec="72" bec="0" bev="0" fileid="35" />
              </SequencePoints>
              <BranchPoints />
              <MethodPoint xsi:type="SequencePoint" vc="0" uspid="1048" ordinal="0" offset="0" sl="59" sc="50" el="59" ec="72" bec="0" bev="0" fileid="35" />
            </Method>
          </Methods>
        </Class>
      </Classes>
      <TrackedMethods />
    </Module>
  </Modules>
</CoverageSession>